<?xml version="1.0" encoding="UTF-8"?>
<testsuite xmlns:xsi="http://www.w3.org/2001/XMLSchema-instance" xsi:noNamespaceSchemaLocation="https://maven.apache.org/surefire/maven-surefire-plugin/xsd/surefire-test-report-3.0.xsd" version="3.0" name="com.cgm.frontend.runner.TestRunner" time="164.444" tests="17" errors="0" skipped="0" failures="3">
  <properties>
    <property name="java.specification.version" value="17"/>
    <property name="sun.jnu.encoding" value="UTF-8"/>
    <property name="java.class.path" value="/Users/runner/work/frontendautomation/frontendautomation/target/test-classes:/Users/runner/work/frontendautomation/frontendautomation/target/classes:/Users/runner/.m2/repository/junit/junit/4.11/junit-4.11.jar:/Users/runner/.m2/repository/org/hamcrest/hamcrest-core/1.3/hamcrest-core-1.3.jar:/Users/runner/.m2/repository/org/seleniumhq/selenium/selenium-java/4.15.0/selenium-java-4.15.0.jar:/Users/runner/.m2/repository/org/seleniumhq/selenium/selenium-api/4.15.0/selenium-api-4.15.0.jar:/Users/runner/.m2/repository/org/seleniumhq/selenium/selenium-chrome-driver/4.15.0/selenium-chrome-driver-4.15.0.jar:/Users/runner/.m2/repository/com/google/auto/service/auto-service-annotations/1.1.1/auto-service-annotations-1.1.1.jar:/Users/runner/.m2/repository/org/seleniumhq/selenium/selenium-chromium-driver/4.15.0/selenium-chromium-driver-4.15.0.jar:/Users/runner/.m2/repository/org/seleniumhq/selenium/selenium-json/4.15.0/selenium-json-4.15.0.jar:/Users/runner/.m2/repository/org/seleniumhq/selenium/selenium-manager/4.15.0/selenium-manager-4.15.0.jar:/Users/runner/.m2/repository/org/seleniumhq/selenium/selenium-devtools-v117/4.15.0/selenium-devtools-v117-4.15.0.jar:/Users/runner/.m2/repository/org/seleniumhq/selenium/selenium-devtools-v118/4.15.0/selenium-devtools-v118-4.15.0.jar:/Users/runner/.m2/repository/org/seleniumhq/selenium/selenium-devtools-v119/4.15.0/selenium-devtools-v119-4.15.0.jar:/Users/runner/.m2/repository/org/seleniumhq/selenium/selenium-devtools-v85/4.15.0/selenium-devtools-v85-4.15.0.jar:/Users/runner/.m2/repository/org/seleniumhq/selenium/selenium-edge-driver/4.15.0/selenium-edge-driver-4.15.0.jar:/Users/runner/.m2/repository/org/seleniumhq/selenium/selenium-firefox-driver/4.15.0/selenium-firefox-driver-4.15.0.jar:/Users/runner/.m2/repository/org/seleniumhq/selenium/selenium-http/4.15.0/selenium-http-4.15.0.jar:/Users/runner/.m2/repository/dev/failsafe/failsafe/3.3.2/failsafe-3.3.2.jar:/Users/runner/.m2/repository/org/seleniumhq/selenium/selenium-ie-driver/4.15.0/selenium-ie-driver-4.15.0.jar:/Users/runner/.m2/repository/org/seleniumhq/selenium/selenium-remote-driver/4.15.0/selenium-remote-driver-4.15.0.jar:/Users/runner/.m2/repository/com/google/guava/guava/32.1.2-jre/guava-32.1.2-jre.jar:/Users/runner/.m2/repository/com/google/guava/failureaccess/1.0.1/failureaccess-1.0.1.jar:/Users/runner/.m2/repository/com/google/guava/listenablefuture/9999.0-empty-to-avoid-conflict-with-guava/listenablefuture-9999.0-empty-to-avoid-conflict-with-guava.jar:/Users/runner/.m2/repository/com/google/code/findbugs/jsr305/3.0.2/jsr305-3.0.2.jar:/Users/runner/.m2/repository/org/checkerframework/checker-qual/3.33.0/checker-qual-3.33.0.jar:/Users/runner/.m2/repository/com/google/errorprone/error_prone_annotations/2.18.0/error_prone_annotations-2.18.0.jar:/Users/runner/.m2/repository/com/google/j2objc/j2objc-annotations/2.8/j2objc-annotations-2.8.jar:/Users/runner/.m2/repository/io/opentelemetry/opentelemetry-api/1.28.0/opentelemetry-api-1.28.0.jar:/Users/runner/.m2/repository/io/opentelemetry/opentelemetry-context/1.28.0/opentelemetry-context-1.28.0.jar:/Users/runner/.m2/repository/io/opentelemetry/opentelemetry-exporter-logging/1.28.0/opentelemetry-exporter-logging-1.28.0.jar:/Users/runner/.m2/repository/io/opentelemetry/opentelemetry-sdk-metrics/1.28.0/opentelemetry-sdk-metrics-1.28.0.jar:/Users/runner/.m2/repository/io/opentelemetry/opentelemetry-extension-incubator/1.28.0-alpha/opentelemetry-extension-incubator-1.28.0-alpha.jar:/Users/runner/.m2/repository/io/opentelemetry/opentelemetry-sdk-logs/1.28.0/opentelemetry-sdk-logs-1.28.0.jar:/Users/runner/.m2/repository/io/opentelemetry/opentelemetry-sdk-common/1.28.0/opentelemetry-sdk-common-1.28.0.jar:/Users/runner/.m2/repository/io/opentelemetry/opentelemetry-sdk-extension-autoconfigure-spi/1.28.0/opentelemetry-sdk-extension-autoconfigure-spi-1.28.0.jar:/Users/runner/.m2/repository/io/opentelemetry/opentelemetry-sdk-extension-autoconfigure/1.28.0/opentelemetry-sdk-extension-autoconfigure-1.28.0.jar:/Users/runner/.m2/repository/io/opentelemetry/opentelemetry-api-events/1.28.0-alpha/opentelemetry-api-events-1.28.0-alpha.jar:/Users/runner/.m2/repository/io/opentelemetry/opentelemetry-sdk-trace/1.28.0/opentelemetry-sdk-trace-1.28.0.jar:/Users/runner/.m2/repository/io/opentelemetry/opentelemetry-sdk/1.28.0/opentelemetry-sdk-1.28.0.jar:/Users/runner/.m2/repository/io/opentelemetry/opentelemetry-semconv/1.28.0-alpha/opentelemetry-semconv-1.28.0-alpha.jar:/Users/runner/.m2/repository/net/bytebuddy/byte-buddy/1.14.5/byte-buddy-1.14.5.jar:/Users/runner/.m2/repository/org/seleniumhq/selenium/selenium-os/4.15.0/selenium-os-4.15.0.jar:/Users/runner/.m2/repository/org/apache/commons/commons-exec/1.3/commons-exec-1.3.jar:/Users/runner/.m2/repository/org/seleniumhq/selenium/selenium-safari-driver/4.15.0/selenium-safari-driver-4.15.0.jar:/Users/runner/.m2/repository/org/seleniumhq/selenium/selenium-support/4.15.0/selenium-support-4.15.0.jar:/Users/runner/.m2/repository/org/testng/testng/7.12.0/testng-7.12.0.jar:/Users/runner/.m2/repository/org/slf4j/slf4j-api/2.0.16/slf4j-api-2.0.16.jar:/Users/runner/.m2/repository/org/jcommander/jcommander/1.83/jcommander-1.83.jar:/Users/runner/.m2/repository/org/webjars/jquery/3.7.1/jquery-3.7.1.jar:/Users/runner/.m2/repository/io/cucumber/cucumber-java/7.34.2/cucumber-java-7.34.2.jar:/Users/runner/.m2/repository/io/cucumber/cucumber-core/7.34.2/cucumber-core-7.34.2.jar:/Users/runner/.m2/repository/io/cucumber/cucumber-gherkin/7.34.2/cucumber-gherkin-7.34.2.jar:/Users/runner/.m2/repository/io/cucumber/cucumber-gherkin-messages/7.34.2/cucumber-gherkin-messages-7.34.2.jar:/Users/runner/.m2/repository/io/cucumber/gherkin/36.1.0/gherkin-36.1.0.jar:/Users/runner/.m2/repository/io/cucumber/messages/30.1.0/messages-30.1.0.jar:/Users/runner/.m2/repository/io/cucumber/messages-ndjson/0.3.0/messages-ndjson-0.3.0.jar:/Users/runner/.m2/repository/io/cucumber/pretty-formatter/2.4.1/pretty-formatter-2.4.1.jar:/Users/runner/.m2/repository/io/cucumber/query/14.7.0/query-14.7.0.jar:/Users/runner/.m2/repository/io/cucumber/teamcity-formatter/0.2.0/teamcity-formatter-0.2.0.jar:/Users/runner/.m2/repository/io/cucumber/testng-xml-formatter/0.7.0/testng-xml-formatter-0.7.0.jar:/Users/runner/.m2/repository/io/cucumber/usage-formatter/0.1.0/usage-formatter-0.1.0.jar:/Users/runner/.m2/repository/io/cucumber/tag-expressions/8.1.0/tag-expressions-8.1.0.jar:/Users/runner/.m2/repository/io/cucumber/cucumber-expressions/18.1.0/cucumber-expressions-18.1.0.jar:/Users/runner/.m2/repository/io/cucumber/cucumber-json-formatter/0.3.2/cucumber-json-formatter-0.3.2.jar:/Users/runner/.m2/repository/io/cucumber/datatable/7.34.2/datatable-7.34.2.jar:/Users/runner/.m2/repository/io/cucumber/cucumber-plugin/7.34.2/cucumber-plugin-7.34.2.jar:/Users/runner/.m2/repository/io/cucumber/docstring/7.34.2/docstring-7.34.2.jar:/Users/runner/.m2/repository/io/cucumber/html-formatter/22.3.0/html-formatter-22.3.0.jar:/Users/runner/.m2/repository/io/cucumber/junit-xml-formatter/0.11.0/junit-xml-formatter-0.11.0.jar:/Users/runner/.m2/repository/io/cucumber/ci-environment/12.0.0/ci-environment-12.0.0.jar:/Users/runner/.m2/repository/org/apiguardian/apiguardian-api/1.1.2/apiguardian-api-1.1.2.jar:/Users/runner/.m2/repository/io/cucumber/cucumber-testng/7.34.2/cucumber-testng-7.34.2.jar:/Users/runner/.m2/repository/io/github/bonigarcia/webdrivermanager/5.5.0/webdrivermanager-5.5.0.jar:/Users/runner/.m2/repository/com/google/code/gson/gson/2.10.1/gson-2.10.1.jar:/Users/runner/.m2/repository/com/github/docker-java/docker-java/3.3.3/docker-java-3.3.3.jar:/Users/runner/.m2/repository/com/github/docker-java/docker-java-core/3.3.3/docker-java-core-3.3.3.jar:/Users/runner/.m2/repository/com/github/docker-java/docker-java-api/3.3.3/docker-java-api-3.3.3.jar:/Users/runner/.m2/repository/com/fasterxml/jackson/core/jackson-annotations/2.10.3/jackson-annotations-2.10.3.jar:/Users/runner/.m2/repository/commons-io/commons-io/2.6/commons-io-2.6.jar:/Users/runner/.m2/repository/org/apache/commons/commons-compress/1.21/commons-compress-1.21.jar:/Users/runner/.m2/repository/com/fasterxml/jackson/core/jackson-databind/2.10.3/jackson-databind-2.10.3.jar:/Users/runner/.m2/repository/com/fasterxml/jackson/core/jackson-core/2.10.3/jackson-core-2.10.3.jar:/Users/runner/.m2/repository/org/bouncycastle/bcpkix-jdk18on/1.75/bcpkix-jdk18on-1.75.jar:/Users/runner/.m2/repository/org/bouncycastle/bcprov-jdk18on/1.75/bcprov-jdk18on-1.75.jar:/Users/runner/.m2/repository/org/bouncycastle/bcutil-jdk18on/1.75/bcutil-jdk18on-1.75.jar:/Users/runner/.m2/repository/org/slf4j/jcl-over-slf4j/1.7.30/jcl-over-slf4j-1.7.30.jar:/Users/runner/.m2/repository/com/github/docker-java/docker-java-transport-httpclient5/3.3.3/docker-java-transport-httpclient5-3.3.3.jar:/Users/runner/.m2/repository/com/github/docker-java/docker-java-transport/3.3.3/docker-java-transport-3.3.3.jar:/Users/runner/.m2/repository/net/java/dev/jna/jna/5.12.1/jna-5.12.1.jar:/Users/runner/.m2/repository/org/brotli/dec/0.1.2/dec-0.1.2.jar:/Users/runner/.m2/repository/org/apache/commons/commons-lang3/3.13.0/commons-lang3-3.13.0.jar:/Users/runner/.m2/repository/org/apache/httpcomponents/client5/httpclient5/5.2.1/httpclient5-5.2.1.jar:/Users/runner/.m2/repository/org/apache/httpcomponents/core5/httpcore5/5.2/httpcore5-5.2.jar:/Users/runner/.m2/repository/org/apache/httpcomponents/core5/httpcore5-h2/5.2/httpcore5-h2-5.2.jar:/Users/runner/.m2/repository/io/cucumber/cucumber-picocontainer/7.34.2/cucumber-picocontainer-7.34.2.jar:/Users/runner/.m2/repository/org/picocontainer/picocontainer/2.15.2/picocontainer-2.15.2.jar:"/>
    <property name="java.vm.vendor" value="Eclipse Adoptium"/>
    <property name="sun.arch.data.model" value="64"/>
    <property name="java.vendor.url" value="https://adoptium.net/"/>
    <property name="user.timezone" value="UTC"/>
    <property name="os.name" value="Mac OS X"/>
    <property name="java.vm.specification.version" value="17"/>
    <property name="sun.java.launcher" value="SUN_STANDARD"/>
    <property name="user.country" value="US"/>
    <property name="sun.boot.library.path" value="/Users/runner/hostedtoolcache/Java_Temurin-Hotspot_jdk/17.0.17-10/arm64/Contents/Home/lib"/>
    <property name="sun.java.command" value="/Users/runner/work/frontendautomation/frontendautomation/target/surefire/surefirebooter-20260205220854313_3.jar /Users/runner/work/frontendautomation/frontendautomation/target/surefire 2026-02-05T22-08-54_143-jvmRun1 surefire-20260205220854313_1tmp surefire_0-20260205220854313_2tmp"/>
    <property name="http.nonProxyHosts" value="local|*.local|169.254/16|*.169.254/16"/>
    <property name="jdk.debug" value="release"/>
    <property name="surefire.test.class.path" value="/Users/runner/work/frontendautomation/frontendautomation/target/test-classes:/Users/runner/work/frontendautomation/frontendautomation/target/classes:/Users/runner/.m2/repository/junit/junit/4.11/junit-4.11.jar:/Users/runner/.m2/repository/org/hamcrest/hamcrest-core/1.3/hamcrest-core-1.3.jar:/Users/runner/.m2/repository/org/seleniumhq/selenium/selenium-java/4.15.0/selenium-java-4.15.0.jar:/Users/runner/.m2/repository/org/seleniumhq/selenium/selenium-api/4.15.0/selenium-api-4.15.0.jar:/Users/runner/.m2/repository/org/seleniumhq/selenium/selenium-chrome-driver/4.15.0/selenium-chrome-driver-4.15.0.jar:/Users/runner/.m2/repository/com/google/auto/service/auto-service-annotations/1.1.1/auto-service-annotations-1.1.1.jar:/Users/runner/.m2/repository/org/seleniumhq/selenium/selenium-chromium-driver/4.15.0/selenium-chromium-driver-4.15.0.jar:/Users/runner/.m2/repository/org/seleniumhq/selenium/selenium-json/4.15.0/selenium-json-4.15.0.jar:/Users/runner/.m2/repository/org/seleniumhq/selenium/selenium-manager/4.15.0/selenium-manager-4.15.0.jar:/Users/runner/.m2/repository/org/seleniumhq/selenium/selenium-devtools-v117/4.15.0/selenium-devtools-v117-4.15.0.jar:/Users/runner/.m2/repository/org/seleniumhq/selenium/selenium-devtools-v118/4.15.0/selenium-devtools-v118-4.15.0.jar:/Users/runner/.m2/repository/org/seleniumhq/selenium/selenium-devtools-v119/4.15.0/selenium-devtools-v119-4.15.0.jar:/Users/runner/.m2/repository/org/seleniumhq/selenium/selenium-devtools-v85/4.15.0/selenium-devtools-v85-4.15.0.jar:/Users/runner/.m2/repository/org/seleniumhq/selenium/selenium-edge-driver/4.15.0/selenium-edge-driver-4.15.0.jar:/Users/runner/.m2/repository/org/seleniumhq/selenium/selenium-firefox-driver/4.15.0/selenium-firefox-driver-4.15.0.jar:/Users/runner/.m2/repository/org/seleniumhq/selenium/selenium-http/4.15.0/selenium-http-4.15.0.jar:/Users/runner/.m2/repository/dev/failsafe/failsafe/3.3.2/failsafe-3.3.2.jar:/Users/runner/.m2/repository/org/seleniumhq/selenium/selenium-ie-driver/4.15.0/selenium-ie-driver-4.15.0.jar:/Users/runner/.m2/repository/org/seleniumhq/selenium/selenium-remote-driver/4.15.0/selenium-remote-driver-4.15.0.jar:/Users/runner/.m2/repository/com/google/guava/guava/32.1.2-jre/guava-32.1.2-jre.jar:/Users/runner/.m2/repository/com/google/guava/failureaccess/1.0.1/failureaccess-1.0.1.jar:/Users/runner/.m2/repository/com/google/guava/listenablefuture/9999.0-empty-to-avoid-conflict-with-guava/listenablefuture-9999.0-empty-to-avoid-conflict-with-guava.jar:/Users/runner/.m2/repository/com/google/code/findbugs/jsr305/3.0.2/jsr305-3.0.2.jar:/Users/runner/.m2/repository/org/checkerframework/checker-qual/3.33.0/checker-qual-3.33.0.jar:/Users/runner/.m2/repository/com/google/errorprone/error_prone_annotations/2.18.0/error_prone_annotations-2.18.0.jar:/Users/runner/.m2/repository/com/google/j2objc/j2objc-annotations/2.8/j2objc-annotations-2.8.jar:/Users/runner/.m2/repository/io/opentelemetry/opentelemetry-api/1.28.0/opentelemetry-api-1.28.0.jar:/Users/runner/.m2/repository/io/opentelemetry/opentelemetry-context/1.28.0/opentelemetry-context-1.28.0.jar:/Users/runner/.m2/repository/io/opentelemetry/opentelemetry-exporter-logging/1.28.0/opentelemetry-exporter-logging-1.28.0.jar:/Users/runner/.m2/repository/io/opentelemetry/opentelemetry-sdk-metrics/1.28.0/opentelemetry-sdk-metrics-1.28.0.jar:/Users/runner/.m2/repository/io/opentelemetry/opentelemetry-extension-incubator/1.28.0-alpha/opentelemetry-extension-incubator-1.28.0-alpha.jar:/Users/runner/.m2/repository/io/opentelemetry/opentelemetry-sdk-logs/1.28.0/opentelemetry-sdk-logs-1.28.0.jar:/Users/runner/.m2/repository/io/opentelemetry/opentelemetry-sdk-common/1.28.0/opentelemetry-sdk-common-1.28.0.jar:/Users/runner/.m2/repository/io/opentelemetry/opentelemetry-sdk-extension-autoconfigure-spi/1.28.0/opentelemetry-sdk-extension-autoconfigure-spi-1.28.0.jar:/Users/runner/.m2/repository/io/opentelemetry/opentelemetry-sdk-extension-autoconfigure/1.28.0/opentelemetry-sdk-extension-autoconfigure-1.28.0.jar:/Users/runner/.m2/repository/io/opentelemetry/opentelemetry-api-events/1.28.0-alpha/opentelemetry-api-events-1.28.0-alpha.jar:/Users/runner/.m2/repository/io/opentelemetry/opentelemetry-sdk-trace/1.28.0/opentelemetry-sdk-trace-1.28.0.jar:/Users/runner/.m2/repository/io/opentelemetry/opentelemetry-sdk/1.28.0/opentelemetry-sdk-1.28.0.jar:/Users/runner/.m2/repository/io/opentelemetry/opentelemetry-semconv/1.28.0-alpha/opentelemetry-semconv-1.28.0-alpha.jar:/Users/runner/.m2/repository/net/bytebuddy/byte-buddy/1.14.5/byte-buddy-1.14.5.jar:/Users/runner/.m2/repository/org/seleniumhq/selenium/selenium-os/4.15.0/selenium-os-4.15.0.jar:/Users/runner/.m2/repository/org/apache/commons/commons-exec/1.3/commons-exec-1.3.jar:/Users/runner/.m2/repository/org/seleniumhq/selenium/selenium-safari-driver/4.15.0/selenium-safari-driver-4.15.0.jar:/Users/runner/.m2/repository/org/seleniumhq/selenium/selenium-support/4.15.0/selenium-support-4.15.0.jar:/Users/runner/.m2/repository/org/testng/testng/7.12.0/testng-7.12.0.jar:/Users/runner/.m2/repository/org/slf4j/slf4j-api/2.0.16/slf4j-api-2.0.16.jar:/Users/runner/.m2/repository/org/jcommander/jcommander/1.83/jcommander-1.83.jar:/Users/runner/.m2/repository/org/webjars/jquery/3.7.1/jquery-3.7.1.jar:/Users/runner/.m2/repository/io/cucumber/cucumber-java/7.34.2/cucumber-java-7.34.2.jar:/Users/runner/.m2/repository/io/cucumber/cucumber-core/7.34.2/cucumber-core-7.34.2.jar:/Users/runner/.m2/repository/io/cucumber/cucumber-gherkin/7.34.2/cucumber-gherkin-7.34.2.jar:/Users/runner/.m2/repository/io/cucumber/cucumber-gherkin-messages/7.34.2/cucumber-gherkin-messages-7.34.2.jar:/Users/runner/.m2/repository/io/cucumber/gherkin/36.1.0/gherkin-36.1.0.jar:/Users/runner/.m2/repository/io/cucumber/messages/30.1.0/messages-30.1.0.jar:/Users/runner/.m2/repository/io/cucumber/messages-ndjson/0.3.0/messages-ndjson-0.3.0.jar:/Users/runner/.m2/repository/io/cucumber/pretty-formatter/2.4.1/pretty-formatter-2.4.1.jar:/Users/runner/.m2/repository/io/cucumber/query/14.7.0/query-14.7.0.jar:/Users/runner/.m2/repository/io/cucumber/teamcity-formatter/0.2.0/teamcity-formatter-0.2.0.jar:/Users/runner/.m2/repository/io/cucumber/testng-xml-formatter/0.7.0/testng-xml-formatter-0.7.0.jar:/Users/runner/.m2/repository/io/cucumber/usage-formatter/0.1.0/usage-formatter-0.1.0.jar:/Users/runner/.m2/repository/io/cucumber/tag-expressions/8.1.0/tag-expressions-8.1.0.jar:/Users/runner/.m2/repository/io/cucumber/cucumber-expressions/18.1.0/cucumber-expressions-18.1.0.jar:/Users/runner/.m2/repository/io/cucumber/cucumber-json-formatter/0.3.2/cucumber-json-formatter-0.3.2.jar:/Users/runner/.m2/repository/io/cucumber/datatable/7.34.2/datatable-7.34.2.jar:/Users/runner/.m2/repository/io/cucumber/cucumber-plugin/7.34.2/cucumber-plugin-7.34.2.jar:/Users/runner/.m2/repository/io/cucumber/docstring/7.34.2/docstring-7.34.2.jar:/Users/runner/.m2/repository/io/cucumber/html-formatter/22.3.0/html-formatter-22.3.0.jar:/Users/runner/.m2/repository/io/cucumber/junit-xml-formatter/0.11.0/junit-xml-formatter-0.11.0.jar:/Users/runner/.m2/repository/io/cucumber/ci-environment/12.0.0/ci-environment-12.0.0.jar:/Users/runner/.m2/repository/org/apiguardian/apiguardian-api/1.1.2/apiguardian-api-1.1.2.jar:/Users/runner/.m2/repository/io/cucumber/cucumber-testng/7.34.2/cucumber-testng-7.34.2.jar:/Users/runner/.m2/repository/io/github/bonigarcia/webdrivermanager/5.5.0/webdrivermanager-5.5.0.jar:/Users/runner/.m2/repository/com/google/code/gson/gson/2.10.1/gson-2.10.1.jar:/Users/runner/.m2/repository/com/github/docker-java/docker-java/3.3.3/docker-java-3.3.3.jar:/Users/runner/.m2/repository/com/github/docker-java/docker-java-core/3.3.3/docker-java-core-3.3.3.jar:/Users/runner/.m2/repository/com/github/docker-java/docker-java-api/3.3.3/docker-java-api-3.3.3.jar:/Users/runner/.m2/repository/com/fasterxml/jackson/core/jackson-annotations/2.10.3/jackson-annotations-2.10.3.jar:/Users/runner/.m2/repository/commons-io/commons-io/2.6/commons-io-2.6.jar:/Users/runner/.m2/repository/org/apache/commons/commons-compress/1.21/commons-compress-1.21.jar:/Users/runner/.m2/repository/com/fasterxml/jackson/core/jackson-databind/2.10.3/jackson-databind-2.10.3.jar:/Users/runner/.m2/repository/com/fasterxml/jackson/core/jackson-core/2.10.3/jackson-core-2.10.3.jar:/Users/runner/.m2/repository/org/bouncycastle/bcpkix-jdk18on/1.75/bcpkix-jdk18on-1.75.jar:/Users/runner/.m2/repository/org/bouncycastle/bcprov-jdk18on/1.75/bcprov-jdk18on-1.75.jar:/Users/runner/.m2/repository/org/bouncycastle/bcutil-jdk18on/1.75/bcutil-jdk18on-1.75.jar:/Users/runner/.m2/repository/org/slf4j/jcl-over-slf4j/1.7.30/jcl-over-slf4j-1.7.30.jar:/Users/runner/.m2/repository/com/github/docker-java/docker-java-transport-httpclient5/3.3.3/docker-java-transport-httpclient5-3.3.3.jar:/Users/runner/.m2/repository/com/github/docker-java/docker-java-transport/3.3.3/docker-java-transport-3.3.3.jar:/Users/runner/.m2/repository/net/java/dev/jna/jna/5.12.1/jna-5.12.1.jar:/Users/runner/.m2/repository/org/brotli/dec/0.1.2/dec-0.1.2.jar:/Users/runner/.m2/repository/org/apache/commons/commons-lang3/3.13.0/commons-lang3-3.13.0.jar:/Users/runner/.m2/repository/org/apache/httpcomponents/client5/httpclient5/5.2.1/httpclient5-5.2.1.jar:/Users/runner/.m2/repository/org/apache/httpcomponents/core5/httpcore5/5.2/httpcore5-5.2.jar:/Users/runner/.m2/repository/org/apache/httpcomponents/core5/httpcore5-h2/5.2/httpcore5-h2-5.2.jar:/Users/runner/.m2/repository/io/cucumber/cucumber-picocontainer/7.34.2/cucumber-picocontainer-7.34.2.jar:/Users/runner/.m2/repository/org/picocontainer/picocontainer/2.15.2/picocontainer-2.15.2.jar:"/>
    <property name="sun.cpu.endian" value="little"/>
    <property name="user.home" value="/Users/runner"/>
    <property name="user.language" value="en"/>
    <property name="java.specification.vendor" value="Oracle Corporation"/>
    <property name="java.version.date" value="2025-10-21"/>
    <property name="java.home" value="/Users/runner/hostedtoolcache/Java_Temurin-Hotspot_jdk/17.0.17-10/arm64/Contents/Home"/>
    <property name="file.separator" value="/"/>
    <property name="basedir" value="/Users/runner/work/frontendautomation/frontendautomation"/>
    <property name="java.vm.compressedOopsMode" value="Zero based"/>
    <property name="line.separator" value="&#10;"/>
    <property name="java.vm.specification.vendor" value="Oracle Corporation"/>
    <property name="java.specification.name" value="Java Platform API Specification"/>
    <property name="surefire.real.class.path" value="/Users/runner/work/frontendautomation/frontendautomation/target/surefire/surefirebooter-20260205220854313_3.jar"/>
    <property name="sun.management.compiler" value="HotSpot 64-Bit Tiered Compilers"/>
    <property name="ftp.nonProxyHosts" value="local|*.local|169.254/16|*.169.254/16"/>
    <property name="java.runtime.version" value="17.0.17+10"/>
    <property name="user.name" value="runner"/>
    <property name="path.separator" value=":"/>
    <property name="os.version" value="15.7.3"/>
    <property name="java.runtime.name" value="OpenJDK Runtime Environment"/>
    <property name="file.encoding" value="UTF-8"/>
    <property name="browser" value="firefox"/>
    <property name="java.vm.name" value="OpenJDK 64-Bit Server VM"/>
    <property name="java.vendor.version" value="Temurin-17.0.17+10"/>
    <property name="localRepository" value="/Users/runner/.m2/repository"/>
    <property name="java.vendor.url.bug" value="https://github.com/adoptium/adoptium-support/issues"/>
    <property name="java.io.tmpdir" value="/var/folders/yz/zr09txvs5dn18vt4cn21kzl40000gn/T/"/>
    <property name="java.version" value="17.0.17"/>
    <property name="user.dir" value="/Users/runner/work/frontendautomation/frontendautomation"/>
    <property name="os.arch" value="aarch64"/>
    <property name="java.vm.specification.name" value="Java Virtual Machine Specification"/>
    <property name="native.encoding" value="UTF-8"/>
    <property name="java.library.path" value="/Users/runner/Library/Java/Extensions:/Library/Java/Extensions:/Network/Library/Java/Extensions:/System/Library/Java/Extensions:/usr/lib/java:."/>
    <property name="java.vm.info" value="mixed mode, sharing"/>
    <property name="java.vendor" value="Eclipse Adoptium"/>
    <property name="java.vm.version" value="17.0.17+10"/>
    <property name="java.specification.maintenance.version" value="1"/>
    <property name="sun.io.unicode.encoding" value="UnicodeBig"/>
    <property name="socksNonProxyHosts" value="local|*.local|169.254/16|*.169.254/16"/>
    <property name="java.class.version" value="61.0"/>
  </properties>
  <testcase name="runScenario[&quot;REQ-UL-LIST-001 - Verify Users List page loads correctly&quot;, &quot;Users List Page&quot;](1)" classname="com.cgm.frontend.runner.TestRunner" time="8.899">
    <system-out><![CDATA[
@req-UL-LIST-001 @positive
Scenario Outline: REQ-UL-LIST-001 - Verify Users List page loads correctly # src/test/resources/features/user_lists.feature:14
Using environment: qa | URL: https://mock-user-management-42cc2.web.app/
Opening application for environment: qa | URL: https://mock-user-management-42cc2.web.app/
  ✔ Given user opens the application on "chrome"                           # com.cgm.frontend.stepDefinitions.CommonSteps.user_opens_the_application_on(java.lang.String)
  ✔ Then user should see the users list page                               # com.cgm.frontend.stepDefinitions.UsersListSteps.user_should_see_the_users_list_page()
]]></system-out>
    <system-err><![CDATA[SLF4J(W): No SLF4J providers were found.
SLF4J(W): Defaulting to no-operation (NOP) logger implementation
SLF4J(W): See https://www.slf4j.org/codes.html#noProviders for further details.
Feb 05, 2026 10:09:03 PM org.openqa.selenium.devtools.CdpVersionFinder findNearestMatch
WARNING: Unable to find CDP implementation matching 144
Feb 05, 2026 10:09:03 PM org.openqa.selenium.chromium.ChromiumDriver lambda$new$5
WARNING: Unable to find version of CDP to use for 144.0.7559.97. You may need to include a dependency on a specific version of the CDP using something similar to `org.seleniumhq.selenium:selenium-devtools-v86:4.15.0` where the version ("v86") matches the version of the chromium-based browser you're using and the version number of the artifact is the same as Selenium's.
]]></system-err>
  </testcase>
  <testcase name="runScenario[&quot;REQ-UL-LIST-001 - Verify Users List page loads correctly&quot;, &quot;Users List Page&quot;](2)" classname="com.cgm.frontend.runner.TestRunner" time="14.06">
    <system-out><![CDATA[
@req-UL-LIST-001 @positive
Scenario Outline: REQ-UL-LIST-001 - Verify Users List page loads correctly # src/test/resources/features/user_lists.feature:15
Using environment: qa | URL: https://mock-user-management-42cc2.web.app/
Opening application for environment: qa | URL: https://mock-user-management-42cc2.web.app/
  ✔ Given user opens the application on "firefox"                          # com.cgm.frontend.stepDefinitions.CommonSteps.user_opens_the_application_on(java.lang.String)
  ✔ Then user should see the users list page                               # com.cgm.frontend.stepDefinitions.UsersListSteps.user_should_see_the_users_list_page()
]]></system-out>
    <system-err><![CDATA[Feb 05, 2026 10:09:18 PM org.openqa.selenium.os.ExternalProcess$Builder lambda$start$0
WARNING: failed to copy the output of process 9147
java.io.IOException: Stream closed
	at java.base/java.io.BufferedInputStream.getBufIfOpen(BufferedInputStream.java:168)
	at java.base/java.io.BufferedInputStream.read(BufferedInputStream.java:334)
	at java.base/java.io.InputStream.transferTo(InputStream.java:782)
	at org.openqa.selenium.os.ExternalProcess$Builder.lambda$start$0(ExternalProcess.java:209)
	at java.base/java.lang.Thread.run(Thread.java:840)

]]></system-err>
  </testcase>
  <testcase name="runScenario[&quot;REQ-UL-ADD-001 - Add User form is shown&quot;, &quot;Add user to Users List&quot;](3)" classname="com.cgm.frontend.runner.TestRunner" time="4.228">
    <system-out><![CDATA[
@users @addUser @sanity @regression @req-UL-ADD-001
Scenario Outline: REQ-UL-ADD-001 - Add User form is shown # src/test/resources/features/users_add.feature:16
Using environment: qa | URL: https://mock-user-management-42cc2.web.app/
Opening application for environment: qa | URL: https://mock-user-management-42cc2.web.app/
  ✔ Given user opens the application on "chrome"          # com.cgm.frontend.stepDefinitions.CommonSteps.user_opens_the_application_on(java.lang.String)
  ✔ When user clicks the Add User action                  # com.cgm.frontend.stepDefinitions.UsersAddSteps.user_clicks_the_add_user_action()
  ✔ Then Add User form should be displayed                # com.cgm.frontend.stepDefinitions.UsersAddSteps.add_user_form_should_be_displayed()
]]></system-out>
    <system-err><![CDATA[Feb 05, 2026 10:09:21 PM org.openqa.selenium.devtools.CdpVersionFinder findNearestMatch
WARNING: Unable to find CDP implementation matching 144
Feb 05, 2026 10:09:21 PM org.openqa.selenium.chromium.ChromiumDriver lambda$new$5
WARNING: Unable to find version of CDP to use for 144.0.7559.97. You may need to include a dependency on a specific version of the CDP using something similar to `org.seleniumhq.selenium:selenium-devtools-v86:4.15.0` where the version ("v86") matches the version of the chromium-based browser you're using and the version number of the artifact is the same as Selenium's.
]]></system-err>
  </testcase>
  <testcase name="runScenario[&quot;REQ-UL-ADD-001 - Add User form is shown&quot;, &quot;Add user to Users List&quot;](4)" classname="com.cgm.frontend.runner.TestRunner" time="9.925">
    <system-out><![CDATA[
@users @addUser @sanity @regression @req-UL-ADD-001
Scenario Outline: REQ-UL-ADD-001 - Add User form is shown # src/test/resources/features/users_add.feature:17
Using environment: qa | URL: https://mock-user-management-42cc2.web.app/
Opening application for environment: qa | URL: https://mock-user-management-42cc2.web.app/
  ✔ Given user opens the application on "firefox"         # com.cgm.frontend.stepDefinitions.CommonSteps.user_opens_the_application_on(java.lang.String)
  ✔ When user clicks the Add User action                  # com.cgm.frontend.stepDefinitions.UsersAddSteps.user_clicks_the_add_user_action()
  ✔ Then Add User form should be displayed                # com.cgm.frontend.stepDefinitions.UsersAddSteps.add_user_form_should_be_displayed()
]]></system-out>
    <system-err><![CDATA[Feb 05, 2026 10:09:32 PM org.openqa.selenium.os.ExternalProcess$Builder lambda$start$0
WARNING: failed to copy the output of process 9598
java.io.IOException: Stream closed
	at java.base/java.io.BufferedInputStream.getBufIfOpen(BufferedInputStream.java:168)
	at java.base/java.io.BufferedInputStream.read(BufferedInputStream.java:334)
	at java.base/java.io.InputStream.transferTo(InputStream.java:782)
	at org.openqa.selenium.os.ExternalProcess$Builder.lambda$start$0(ExternalProcess.java:209)
	at java.base/java.lang.Thread.run(Thread.java:840)

]]></system-err>
  </testcase>
  <testcase name="runScenario[&quot;REQ-UL-ADD-002 - Add button enabled for valid data&quot;, &quot;Add user to Users List&quot;](5)" classname="com.cgm.frontend.runner.TestRunner" time="3.165">
    <system-out><![CDATA[
@users @addUser @regression @req-UL-ADD-002
Scenario Outline: REQ-UL-ADD-002 - Add button enabled for valid data # src/test/resources/features/users_add.feature:28
Using environment: qa | URL: https://mock-user-management-42cc2.web.app/
Opening application for environment: qa | URL: https://mock-user-management-42cc2.web.app/
  ✔ Given user opens the application on "chrome"                     # com.cgm.frontend.stepDefinitions.CommonSteps.user_opens_the_application_on(java.lang.String)
  ✔ When user clicks the Add User action                             # com.cgm.frontend.stepDefinitions.UsersAddSteps.user_clicks_the_add_user_action()
  ✔ And user enters valid user details                               # com.cgm.frontend.stepDefinitions.UsersAddSteps.user_enters_valid_user_details()
  ✔ Then Add button should be enabled                                # com.cgm.frontend.stepDefinitions.UsersAddSteps.add_button_should_be_enabled()
]]></system-out>
    <system-err><![CDATA[Feb 05, 2026 10:09:34 PM org.openqa.selenium.devtools.CdpVersionFinder findNearestMatch
WARNING: Unable to find CDP implementation matching 144
Feb 05, 2026 10:09:34 PM org.openqa.selenium.chromium.ChromiumDriver lambda$new$5
WARNING: Unable to find version of CDP to use for 144.0.7559.97. You may need to include a dependency on a specific version of the CDP using something similar to `org.seleniumhq.selenium:selenium-devtools-v86:4.15.0` where the version ("v86") matches the version of the chromium-based browser you're using and the version number of the artifact is the same as Selenium's.
]]></system-err>
  </testcase>
  <testcase name="runScenario[&quot;REQ-UL-ADD-002 - Add button enabled for valid data&quot;, &quot;Add user to Users List&quot;](6)" classname="com.cgm.frontend.runner.TestRunner" time="9.567">
    <system-out><![CDATA[
@users @addUser @regression @req-UL-ADD-002
Scenario Outline: REQ-UL-ADD-002 - Add button enabled for valid data # src/test/resources/features/users_add.feature:29
Using environment: qa | URL: https://mock-user-management-42cc2.web.app/
Opening application for environment: qa | URL: https://mock-user-management-42cc2.web.app/
  ✔ Given user opens the application on "firefox"                    # com.cgm.frontend.stepDefinitions.CommonSteps.user_opens_the_application_on(java.lang.String)
  ✔ When user clicks the Add User action                             # com.cgm.frontend.stepDefinitions.UsersAddSteps.user_clicks_the_add_user_action()
  ✔ And user enters valid user details                               # com.cgm.frontend.stepDefinitions.UsersAddSteps.user_enters_valid_user_details()
  ✔ Then Add button should be enabled                                # com.cgm.frontend.stepDefinitions.UsersAddSteps.add_button_should_be_enabled()
]]></system-out>
    <system-err><![CDATA[Feb 05, 2026 10:09:45 PM org.openqa.selenium.os.ExternalProcess$Builder lambda$start$0
WARNING: failed to copy the output of process 9899
java.io.IOException: Stream closed
	at java.base/java.io.BufferedInputStream.getBufIfOpen(BufferedInputStream.java:168)
	at java.base/java.io.BufferedInputStream.read(BufferedInputStream.java:334)
	at java.base/java.io.InputStream.transferTo(InputStream.java:782)
	at org.openqa.selenium.os.ExternalProcess$Builder.lambda$start$0(ExternalProcess.java:209)
	at java.base/java.lang.Thread.run(Thread.java:840)

]]></system-err>
  </testcase>
  <testcase name="runScenario[&quot;REQ-UL-ADD-003 - Invalid email validation&quot;, &quot;Add user to Users List&quot;](7)" classname="com.cgm.frontend.runner.TestRunner" time="2.678">
    <system-out><![CDATA[
@users @addUser @regression @negative @req-UL-ADD-003
Scenario Outline: REQ-UL-ADD-003 - Invalid email validation # src/test/resources/features/users_add.feature:41
Using environment: qa | URL: https://mock-user-management-42cc2.web.app/
Opening application for environment: qa | URL: https://mock-user-management-42cc2.web.app/
  ✔ Given user opens the application on "chrome"            # com.cgm.frontend.stepDefinitions.CommonSteps.user_opens_the_application_on(java.lang.String)
  ✔ When user clicks the Add User action                    # com.cgm.frontend.stepDefinitions.UsersAddSteps.user_clicks_the_add_user_action()
  ✔ And user enters invalid email                           # com.cgm.frontend.stepDefinitions.UsersAddSteps.user_enters_invalid_email()
  ✔ Then email validation error should be shown             # com.cgm.frontend.stepDefinitions.UsersAddSteps.email_validation_error_should_be_shown()
  ✔ And Add button should be disabled                       # com.cgm.frontend.stepDefinitions.UsersAddSteps.add_button_should_be_disabled()
]]></system-out>
    <system-err><![CDATA[Feb 05, 2026 10:09:46 PM org.openqa.selenium.devtools.CdpVersionFinder findNearestMatch
WARNING: Unable to find CDP implementation matching 144
Feb 05, 2026 10:09:46 PM org.openqa.selenium.chromium.ChromiumDriver lambda$new$5
WARNING: Unable to find version of CDP to use for 144.0.7559.97. You may need to include a dependency on a specific version of the CDP using something similar to `org.seleniumhq.selenium:selenium-devtools-v86:4.15.0` where the version ("v86") matches the version of the chromium-based browser you're using and the version number of the artifact is the same as Selenium's.
]]></system-err>
  </testcase>
  <testcase name="runScenario[&quot;REQ-UL-ADD-003 - Invalid email validation&quot;, &quot;Add user to Users List&quot;](8)" classname="com.cgm.frontend.runner.TestRunner" time="10.158">
    <system-out><![CDATA[
@users @addUser @regression @negative @req-UL-ADD-003
Scenario Outline: REQ-UL-ADD-003 - Invalid email validation # src/test/resources/features/users_add.feature:42
Using environment: qa | URL: https://mock-user-management-42cc2.web.app/
Opening application for environment: qa | URL: https://mock-user-management-42cc2.web.app/
  ✔ Given user opens the application on "firefox"           # com.cgm.frontend.stepDefinitions.CommonSteps.user_opens_the_application_on(java.lang.String)
  ✔ When user clicks the Add User action                    # com.cgm.frontend.stepDefinitions.UsersAddSteps.user_clicks_the_add_user_action()
  ✔ And user enters invalid email                           # com.cgm.frontend.stepDefinitions.UsersAddSteps.user_enters_invalid_email()
  ✔ Then email validation error should be shown             # com.cgm.frontend.stepDefinitions.UsersAddSteps.email_validation_error_should_be_shown()
  ✔ And Add button should be disabled                       # com.cgm.frontend.stepDefinitions.UsersAddSteps.add_button_should_be_disabled()
]]></system-out>
    <system-err><![CDATA[Feb 05, 2026 10:09:58 PM org.openqa.selenium.os.ExternalProcess$Builder lambda$start$0
WARNING: failed to copy the output of process 10386
java.io.IOException: Stream closed
	at java.base/java.io.BufferedInputStream.getBufIfOpen(BufferedInputStream.java:168)
	at java.base/java.io.BufferedInputStream.read(BufferedInputStream.java:334)
	at java.base/java.io.InputStream.transferTo(InputStream.java:782)
	at org.openqa.selenium.os.ExternalProcess$Builder.lambda$start$0(ExternalProcess.java:209)
	at java.base/java.lang.Thread.run(Thread.java:840)

]]></system-err>
  </testcase>
  <testcase name="runScenario[&quot;REQ-UL-ADD-004 - Intentional failure for debugging&quot;, &quot;Add user to Users List&quot;](9)" classname="com.cgm.frontend.runner.TestRunner" time="3.37">
    <failure message="INTENTIONAL FAILURE: Add button should NOT be enabled expected [true] but found [false]" type="java.lang.AssertionError"><![CDATA[java.lang.AssertionError: INTENTIONAL FAILURE: Add button should NOT be enabled expected [true] but found [false]
	at org.testng.Assert.fail(Assert.java:111)
	at org.testng.Assert.failNotEquals(Assert.java:1590)
	at org.testng.Assert.assertTrue(Assert.java:57)
	at com.cgm.frontend.stepDefinitions.UsersAddSteps.add_button_should_still_be_enabled(UsersAddSteps.java:108)
	at ✽.Add button should still be enabled(file:///Users/runner/work/frontendautomation/frontendautomation/src/test/resources/features/users_add.feature:49)
]]></failure>
    <system-out><![CDATA[
@users @addUser @debug @negative @req-UL-ADD-004
Scenario Outline: REQ-UL-ADD-004 - Intentional failure for debugging # src/test/resources/features/users_add.feature:53
Using environment: qa | URL: https://mock-user-management-42cc2.web.app/
Opening application for environment: qa | URL: https://mock-user-management-42cc2.web.app/
  ✔ Given user opens the application on "chrome"                     # com.cgm.frontend.stepDefinitions.CommonSteps.user_opens_the_application_on(java.lang.String)
  ✔ When user clicks the Add User action                             # com.cgm.frontend.stepDefinitions.UsersAddSteps.user_clicks_the_add_user_action()
  ✔ And user enters invalid phone number                             # com.cgm.frontend.stepDefinitions.UsersAddSteps.user_enters_invalid_phone_number()
  ✘ Then Add button should still be enabled                          # com.cgm.frontend.stepDefinitions.UsersAddSteps.add_button_should_still_be_enabled()
        java.lang.AssertionError: INTENTIONAL FAILURE: Add button should NOT be enabled expected [true] but found [false]
        	at org.testng.Assert.fail(Assert.java:111)
        	at org.testng.Assert.failNotEquals(Assert.java:1590)
        	at org.testng.Assert.assertTrue(Assert.java:57)
        	at com.cgm.frontend.stepDefinitions.UsersAddSteps.add_button_should_still_be_enabled(UsersAddSteps.java:108)
        	at ✽.Add button should still be enabled(file:///Users/runner/work/frontendautomation/frontendautomation/src/test/resources/features/users_add.feature:49)
]]></system-out>
    <system-err><![CDATA[Feb 05, 2026 10:10:00 PM org.openqa.selenium.devtools.CdpVersionFinder findNearestMatch
WARNING: Unable to find CDP implementation matching 144
Feb 05, 2026 10:10:00 PM org.openqa.selenium.chromium.ChromiumDriver lambda$new$5
WARNING: Unable to find version of CDP to use for 144.0.7559.97. You may need to include a dependency on a specific version of the CDP using something similar to `org.seleniumhq.selenium:selenium-devtools-v86:4.15.0` where the version ("v86") matches the version of the chromium-based browser you're using and the version number of the artifact is the same as Selenium's.
]]></system-err>
  </testcase>
  <testcase name="runScenario[&quot;REQ-UL-ADD-004 - Intentional failure for debugging&quot;, &quot;Add user to Users List&quot;](10)" classname="com.cgm.frontend.runner.TestRunner" time="9.382">
    <failure message="INTENTIONAL FAILURE: Add button should NOT be enabled expected [true] but found [false]" type="java.lang.AssertionError"><![CDATA[java.lang.AssertionError: INTENTIONAL FAILURE: Add button should NOT be enabled expected [true] but found [false]
	at org.testng.Assert.fail(Assert.java:111)
	at org.testng.Assert.failNotEquals(Assert.java:1590)
	at org.testng.Assert.assertTrue(Assert.java:57)
	at com.cgm.frontend.stepDefinitions.UsersAddSteps.add_button_should_still_be_enabled(UsersAddSteps.java:108)
	at ✽.Add button should still be enabled(file:///Users/runner/work/frontendautomation/frontendautomation/src/test/resources/features/users_add.feature:49)
]]></failure>
    <system-out><![CDATA[
@users @addUser @debug @negative @req-UL-ADD-004
Scenario Outline: REQ-UL-ADD-004 - Intentional failure for debugging # src/test/resources/features/users_add.feature:54
Using environment: qa | URL: https://mock-user-management-42cc2.web.app/
Opening application for environment: qa | URL: https://mock-user-management-42cc2.web.app/
  ✔ Given user opens the application on "firefox"                    # com.cgm.frontend.stepDefinitions.CommonSteps.user_opens_the_application_on(java.lang.String)
  ✔ When user clicks the Add User action                             # com.cgm.frontend.stepDefinitions.UsersAddSteps.user_clicks_the_add_user_action()
  ✔ And user enters invalid phone number                             # com.cgm.frontend.stepDefinitions.UsersAddSteps.user_enters_invalid_phone_number()
  ✘ Then Add button should still be enabled                          # com.cgm.frontend.stepDefinitions.UsersAddSteps.add_button_should_still_be_enabled()
        java.lang.AssertionError: INTENTIONAL FAILURE: Add button should NOT be enabled expected [true] but found [false]
        	at org.testng.Assert.fail(Assert.java:111)
        	at org.testng.Assert.failNotEquals(Assert.java:1590)
        	at org.testng.Assert.assertTrue(Assert.java:57)
        	at com.cgm.frontend.stepDefinitions.UsersAddSteps.add_button_should_still_be_enabled(UsersAddSteps.java:108)
        	at ✽.Add button should still be enabled(file:///Users/runner/work/frontendautomation/frontendautomation/src/test/resources/features/users_add.feature:49)
]]></system-out>
    <system-err><![CDATA[Feb 05, 2026 10:10:11 PM org.openqa.selenium.os.ExternalProcess$Builder lambda$start$0
WARNING: failed to copy the output of process 10742
java.io.IOException: Stream closed
	at java.base/java.io.BufferedInputStream.getBufIfOpen(BufferedInputStream.java:168)
	at java.base/java.io.BufferedInputStream.read(BufferedInputStream.java:334)
	at java.base/java.io.InputStream.transferTo(InputStream.java:782)
	at org.openqa.selenium.os.ExternalProcess$Builder.lambda$start$0(ExternalProcess.java:209)
	at java.base/java.lang.Thread.run(Thread.java:840)

]]></system-err>
  </testcase>
  <testcase name="runScenario[&quot;REQ-UL-ADD-005 - Newly added user is visible in users list&quot;, &quot;Add user to Users List&quot;](11)" classname="com.cgm.frontend.runner.TestRunner" time="2.994">
    <system-out><![CDATA[
@users @addUser @regression @req-UL-ADD-005
Scenario Outline: REQ-UL-ADD-005 - Newly added user is visible in users list # src/test/resources/features/users_add.feature:67
Using environment: qa | URL: https://mock-user-management-42cc2.web.app/
Opening application for environment: qa | URL: https://mock-user-management-42cc2.web.app/
  ✔ Given user opens the application on "chrome"                             # com.cgm.frontend.stepDefinitions.CommonSteps.user_opens_the_application_on(java.lang.String)
  ✔ When user clicks the Add User action                                     # com.cgm.frontend.stepDefinitions.UsersAddSteps.user_clicks_the_add_user_action()
  ✔ And user enters valid user details                                       # com.cgm.frontend.stepDefinitions.UsersAddSteps.user_enters_valid_user_details()
  ✔ And user submits the Add User form                                       # com.cgm.frontend.stepDefinitions.UsersAddSteps.user_submits_the_add_user_form()
  ✔ Then a success message should be shown to the user                       # com.cgm.frontend.stepDefinitions.UsersAddSteps.a_success_message_should_be_shown_to_the_user()
  ✔ And the newly added user should appear in the users list                 # com.cgm.frontend.stepDefinitions.UsersAddSteps.the_newly_added_user_should_appear_in_the_users_list()
]]></system-out>
    <system-err><![CDATA[Feb 05, 2026 10:10:12 PM org.openqa.selenium.devtools.CdpVersionFinder findNearestMatch
WARNING: Unable to find CDP implementation matching 144
Feb 05, 2026 10:10:12 PM org.openqa.selenium.chromium.ChromiumDriver lambda$new$5
WARNING: Unable to find version of CDP to use for 144.0.7559.97. You may need to include a dependency on a specific version of the CDP using something similar to `org.seleniumhq.selenium:selenium-devtools-v86:4.15.0` where the version ("v86") matches the version of the chromium-based browser you're using and the version number of the artifact is the same as Selenium's.
]]></system-err>
  </testcase>
  <testcase name="runScenario[&quot;REQ-UL-ADD-005 - Newly added user is visible in users list&quot;, &quot;Add user to Users List&quot;](12)" classname="com.cgm.frontend.runner.TestRunner" time="10.554">
    <system-out><![CDATA[
@users @addUser @regression @req-UL-ADD-005
Scenario Outline: REQ-UL-ADD-005 - Newly added user is visible in users list # src/test/resources/features/users_add.feature:68
Using environment: qa | URL: https://mock-user-management-42cc2.web.app/
Opening application for environment: qa | URL: https://mock-user-management-42cc2.web.app/
  ✔ Given user opens the application on "firefox"                            # com.cgm.frontend.stepDefinitions.CommonSteps.user_opens_the_application_on(java.lang.String)
  ✔ When user clicks the Add User action                                     # com.cgm.frontend.stepDefinitions.UsersAddSteps.user_clicks_the_add_user_action()
  ✔ And user enters valid user details                                       # com.cgm.frontend.stepDefinitions.UsersAddSteps.user_enters_valid_user_details()
  ✔ And user submits the Add User form                                       # com.cgm.frontend.stepDefinitions.UsersAddSteps.user_submits_the_add_user_form()
  ✔ Then a success message should be shown to the user                       # com.cgm.frontend.stepDefinitions.UsersAddSteps.a_success_message_should_be_shown_to_the_user()
  ✔ And the newly added user should appear in the users list                 # com.cgm.frontend.stepDefinitions.UsersAddSteps.the_newly_added_user_should_appear_in_the_users_list()
]]></system-out>
    <system-err><![CDATA[Feb 05, 2026 10:10:24 PM org.openqa.selenium.os.ExternalProcess$Builder lambda$start$0
WARNING: failed to copy the output of process 11060
java.io.IOException: Stream closed
	at java.base/java.io.BufferedInputStream.getBufIfOpen(BufferedInputStream.java:168)
	at java.base/java.io.BufferedInputStream.read(BufferedInputStream.java:334)
	at java.base/java.io.InputStream.transferTo(InputStream.java:782)
	at org.openqa.selenium.os.ExternalProcess$Builder.lambda$start$0(ExternalProcess.java:209)
	at java.base/java.lang.Thread.run(Thread.java:840)

Feb 05, 2026 10:10:24 PM org.openqa.selenium.os.ExternalProcess$Builder lambda$start$0
WARNING: failed to copy the output of process 11060
java.io.IOException: Stream closed
	at java.base/java.io.BufferedInputStream.getBufIfOpen(BufferedInputStream.java:168)
	at java.base/java.io.BufferedInputStream.read(BufferedInputStream.java:334)
	at java.base/java.io.InputStream.transferTo(InputStream.java:782)
	at org.openqa.selenium.os.ExternalProcess$Builder.lambda$start$0(ExternalProcess.java:209)
	at java.base/java.lang.Thread.run(Thread.java:840)

Feb 05, 2026 10:10:24 PM org.openqa.selenium.os.ExternalProcess$Builder lambda$start$0
WARNING: failed to copy the output of process 11060
java.io.IOException: Stream closed
	at java.base/java.io.BufferedInputStream.getBufIfOpen(BufferedInputStream.java:168)
	at java.base/java.io.BufferedInputStream.read(BufferedInputStream.java:334)
	at java.base/java.io.InputStream.transferTo(InputStream.java:782)
	at org.openqa.selenium.os.ExternalProcess$Builder.lambda$start$0(ExternalProcess.java:209)
	at java.base/java.lang.Thread.run(Thread.java:840)

Feb 05, 2026 10:10:24 PM org.openqa.selenium.os.ExternalProcess$Builder lambda$start$0
WARNING: failed to copy the output of process 11060
java.io.IOException: Stream closed
	at java.base/java.io.BufferedInputStream.getBufIfOpen(BufferedInputStream.java:168)
	at java.base/java.io.BufferedInputStream.read(BufferedInputStream.java:334)
	at java.base/java.io.InputStream.transferTo(InputStream.java:782)
	at org.openqa.selenium.os.ExternalProcess$Builder.lambda$start$0(ExternalProcess.java:209)
	at java.base/java.lang.Thread.run(Thread.java:840)

]]></system-err>
  </testcase>
  <testcase name="runScenario[&quot;REQ-UL-DEL-001 - Delete newly created user successfully&quot;, &quot;Delete user from Users List&quot;](13)" classname="com.cgm.frontend.runner.TestRunner" time="15.575">
    <system-out><![CDATA[
@req-UL-DEL-001 @usersList @positive
Scenario Outline: REQ-UL-DEL-001 - Delete newly created user successfully # src/test/resources/features/users_delete.feature:20
Using environment: qa | URL: https://mock-user-management-42cc2.web.app/
Opening application for environment: qa | URL: https://mock-user-management-42cc2.web.app/
  ✔ Given user opens the application on "chrome"                          # com.cgm.frontend.stepDefinitions.CommonSteps.user_opens_the_application_on(java.lang.String)
  ✔ When user creates a new user                                          # com.cgm.frontend.stepDefinitions.UsersDeleteSteps.user_creates_a_new_user()
  ✔ And user clicks the delete action for the newly created user          # com.cgm.frontend.stepDefinitions.UsersDeleteSteps.user_clicks_the_delete_action_for_the_newly_created_user()
  ✔ Then a delete confirmation dialog should be displayed                 # com.cgm.frontend.stepDefinitions.UsersDeleteSteps.a_delete_confirmation_dialog_should_be_displayed()
  ✔ When user confirms deletion                                           # com.cgm.frontend.stepDefinitions.UsersDeleteSteps.user_confirms_deletion()
Element not found: By.xpath: //tr[td[3]//a[text()='john@doe.com']]/td[3]/a
  ✔ Then the deleted user should no longer appear in the users list       # com.cgm.frontend.stepDefinitions.UsersDeleteSteps.the_deleted_user_should_no_longer_appear_in_the_users_list()
]]></system-out>
    <system-err><![CDATA[Feb 05, 2026 10:10:26 PM org.openqa.selenium.devtools.CdpVersionFinder findNearestMatch
WARNING: Unable to find CDP implementation matching 144
Feb 05, 2026 10:10:26 PM org.openqa.selenium.chromium.ChromiumDriver lambda$new$5
WARNING: Unable to find version of CDP to use for 144.0.7559.97. You may need to include a dependency on a specific version of the CDP using something similar to `org.seleniumhq.selenium:selenium-devtools-v86:4.15.0` where the version ("v86") matches the version of the chromium-based browser you're using and the version number of the artifact is the same as Selenium's.
]]></system-err>
  </testcase>
  <testcase name="runScenario[&quot;REQ-UL-DEL-001 - Delete newly created user successfully&quot;, &quot;Delete user from Users List&quot;](14)" classname="com.cgm.frontend.runner.TestRunner" time="21.363">
    <system-out><![CDATA[
@req-UL-DEL-001 @usersList @positive
Scenario Outline: REQ-UL-DEL-001 - Delete newly created user successfully # src/test/resources/features/users_delete.feature:21
Using environment: qa | URL: https://mock-user-management-42cc2.web.app/
Opening application for environment: qa | URL: https://mock-user-management-42cc2.web.app/
  ✔ Given user opens the application on "firefox"                         # com.cgm.frontend.stepDefinitions.CommonSteps.user_opens_the_application_on(java.lang.String)
  ✔ When user creates a new user                                          # com.cgm.frontend.stepDefinitions.UsersDeleteSteps.user_creates_a_new_user()
  ✔ And user clicks the delete action for the newly created user          # com.cgm.frontend.stepDefinitions.UsersDeleteSteps.user_clicks_the_delete_action_for_the_newly_created_user()
  ✔ Then a delete confirmation dialog should be displayed                 # com.cgm.frontend.stepDefinitions.UsersDeleteSteps.a_delete_confirmation_dialog_should_be_displayed()
  ✔ When user confirms deletion                                           # com.cgm.frontend.stepDefinitions.UsersDeleteSteps.user_confirms_deletion()
Element not found: By.xpath: //tr[td[3]//a[text()='john@doe.com']]/td[3]/a
  ✔ Then the deleted user should no longer appear in the users list       # com.cgm.frontend.stepDefinitions.UsersDeleteSteps.the_deleted_user_should_no_longer_appear_in_the_users_list()
]]></system-out>
    <system-err><![CDATA[Feb 05, 2026 10:11:01 PM org.openqa.selenium.os.ExternalProcess$Builder lambda$start$0
WARNING: failed to copy the output of process 11630
java.io.IOException: Stream closed
	at java.base/java.io.BufferedInputStream.getBufIfOpen(BufferedInputStream.java:168)
	at java.base/java.io.BufferedInputStream.read(BufferedInputStream.java:334)
	at java.base/java.io.InputStream.transferTo(InputStream.java:782)
	at org.openqa.selenium.os.ExternalProcess$Builder.lambda$start$0(ExternalProcess.java:209)
	at java.base/java.lang.Thread.run(Thread.java:840)

]]></system-err>
  </testcase>
  <testcase name="runScenario[&quot;REQ-UL-DEL-002 - Cancel deletion and verify user still exists&quot;, &quot;Delete user from Users List&quot;](15)" classname="com.cgm.frontend.runner.TestRunner" time="5.148">
    <system-out><![CDATA[
@req-UL-DEL-002 @usersList @negative
Scenario Outline: REQ-UL-DEL-002 - Cancel deletion and verify user still exists # src/test/resources/features/users_delete.feature:35
Using environment: qa | URL: https://mock-user-management-42cc2.web.app/
Opening application for environment: qa | URL: https://mock-user-management-42cc2.web.app/
  ✔ Given user opens the application on "chrome"                                # com.cgm.frontend.stepDefinitions.CommonSteps.user_opens_the_application_on(java.lang.String)
  ✔ When user creates a new user                                                # com.cgm.frontend.stepDefinitions.UsersDeleteSteps.user_creates_a_new_user()
  ✔ And user clicks the delete action for the newly created user                # com.cgm.frontend.stepDefinitions.UsersDeleteSteps.user_clicks_the_delete_action_for_the_newly_created_user()
  ✔ Then a delete confirmation dialog should be displayed                       # com.cgm.frontend.stepDefinitions.UsersDeleteSteps.a_delete_confirmation_dialog_should_be_displayed()
  ✔ When user cancels deletion                                                  # com.cgm.frontend.stepDefinitions.UsersDeleteSteps.user_cancels_deletion()
  ✔ Then the user should still appear in the users list                         # com.cgm.frontend.stepDefinitions.UsersDeleteSteps.the_user_should_still_appear_in_the_users_list()
]]></system-out>
    <system-err><![CDATA[Feb 05, 2026 10:11:04 PM org.openqa.selenium.devtools.CdpVersionFinder findNearestMatch
WARNING: Unable to find CDP implementation matching 144
Feb 05, 2026 10:11:04 PM org.openqa.selenium.chromium.ChromiumDriver lambda$new$5
WARNING: Unable to find version of CDP to use for 144.0.7559.97. You may need to include a dependency on a specific version of the CDP using something similar to `org.seleniumhq.selenium:selenium-devtools-v86:4.15.0` where the version ("v86") matches the version of the chromium-based browser you're using and the version number of the artifact is the same as Selenium's.
]]></system-err>
  </testcase>
  <testcase name="runScenario[&quot;REQ-UL-DEL-002 - Cancel deletion and verify user still exists&quot;, &quot;Delete user from Users List&quot;](16)" classname="com.cgm.frontend.runner.TestRunner" time="11.969">
    <system-out><![CDATA[
@req-UL-DEL-002 @usersList @negative
Scenario Outline: REQ-UL-DEL-002 - Cancel deletion and verify user still exists # src/test/resources/features/users_delete.feature:36
Using environment: qa | URL: https://mock-user-management-42cc2.web.app/
Opening application for environment: qa | URL: https://mock-user-management-42cc2.web.app/
  ✔ Given user opens the application on "firefox"                               # com.cgm.frontend.stepDefinitions.CommonSteps.user_opens_the_application_on(java.lang.String)
  ✔ When user creates a new user                                                # com.cgm.frontend.stepDefinitions.UsersDeleteSteps.user_creates_a_new_user()
  ✔ And user clicks the delete action for the newly created user                # com.cgm.frontend.stepDefinitions.UsersDeleteSteps.user_clicks_the_delete_action_for_the_newly_created_user()
  ✔ Then a delete confirmation dialog should be displayed                       # com.cgm.frontend.stepDefinitions.UsersDeleteSteps.a_delete_confirmation_dialog_should_be_displayed()
  ✔ When user cancels deletion                                                  # com.cgm.frontend.stepDefinitions.UsersDeleteSteps.user_cancels_deletion()
  ✔ Then the user should still appear in the users list                         # com.cgm.frontend.stepDefinitions.UsersDeleteSteps.the_user_should_still_appear_in_the_users_list()
]]></system-out>
    <system-err><![CDATA[Feb 05, 2026 10:11:18 PM org.openqa.selenium.os.ExternalProcess$Builder lambda$start$0
WARNING: failed to copy the output of process 12267
java.io.IOException: Stream closed
	at java.base/java.io.BufferedInputStream.getBufIfOpen(BufferedInputStream.java:168)
	at java.base/java.io.BufferedInputStream.read(BufferedInputStream.java:334)
	at java.base/java.io.InputStream.transferTo(InputStream.java:782)
	at org.openqa.selenium.os.ExternalProcess$Builder.lambda$start$0(ExternalProcess.java:209)
	at java.base/java.lang.Thread.run(Thread.java:840)

]]></system-err>
  </testcase>
  <testcase name="runScenario[&quot;REQ-UL-DEL-003 - Intentional failure to test debug methods&quot;, &quot;Delete user from Users List&quot;](17)" classname="com.cgm.frontend.runner.TestRunner" time="15.064">
    <failure message="INTENTIONAL FAILURE: This assertion is expected to fail expected [true] but found [false]" type="java.lang.AssertionError"><![CDATA[java.lang.AssertionError: INTENTIONAL FAILURE: This assertion is expected to fail expected [true] but found [false]
	at org.testng.Assert.fail(Assert.java:111)
	at org.testng.Assert.failNotEquals(Assert.java:1590)
	at org.testng.Assert.assertTrue(Assert.java:57)
	at com.cgm.frontend.stepDefinitions.UsersDeleteSteps.assert_incorrectly_user_still_appears_in_users_list(UsersDeleteSteps.java:100)
	at ✽.assert incorrectly that the user still appears in the users list(file:///Users/runner/work/frontendautomation/frontendautomation/src/test/resources/features/users_delete.feature:46)
]]></failure>
    <system-out><![CDATA[
@req-UL-DEL-003 @usersList @debug
Scenario Outline: REQ-UL-DEL-003 - Intentional failure to test debug methods # src/test/resources/features/users_delete.feature:50
Using environment: qa | URL: https://mock-user-management-42cc2.web.app/
Opening application for environment: qa | URL: https://mock-user-management-42cc2.web.app/
  ✔ Given user opens the application on "chrome"                             # com.cgm.frontend.stepDefinitions.CommonSteps.user_opens_the_application_on(java.lang.String)
  ✔ When user creates a new user                                             # com.cgm.frontend.stepDefinitions.UsersDeleteSteps.user_creates_a_new_user()
  ✔ And user clicks the delete action for the newly created user             # com.cgm.frontend.stepDefinitions.UsersDeleteSteps.user_clicks_the_delete_action_for_the_newly_created_user()
  ✔ Then a delete confirmation dialog should be displayed                    # com.cgm.frontend.stepDefinitions.UsersDeleteSteps.a_delete_confirmation_dialog_should_be_displayed()
  ✔ When user confirms deletion                                              # com.cgm.frontend.stepDefinitions.UsersDeleteSteps.user_confirms_deletion()
Element not found: By.xpath: //tr[td[3]//a[text()='john@doe.com']]/td[3]/a
  ✘ Then assert incorrectly that the user still appears in the users list    # com.cgm.frontend.stepDefinitions.UsersDeleteSteps.assert_incorrectly_user_still_appears_in_users_list()
        java.lang.AssertionError: INTENTIONAL FAILURE: This assertion is expected to fail expected [true] but found [false]
        	at org.testng.Assert.fail(Assert.java:111)
        	at org.testng.Assert.failNotEquals(Assert.java:1590)
        	at org.testng.Assert.assertTrue(Assert.java:57)
        	at com.cgm.frontend.stepDefinitions.UsersDeleteSteps.assert_incorrectly_user_still_appears_in_users_list(UsersDeleteSteps.java:100)
        	at ✽.assert incorrectly that the user still appears in the users list(file:///Users/runner/work/frontendautomation/frontendautomation/src/test/resources/features/users_delete.feature:46)
]]></system-out>
    <system-err><![CDATA[Feb 05, 2026 10:11:21 PM org.openqa.selenium.devtools.CdpVersionFinder findNearestMatch
WARNING: Unable to find CDP implementation matching 144
Feb 05, 2026 10:11:21 PM org.openqa.selenium.chromium.ChromiumDriver lambda$new$5
WARNING: Unable to find version of CDP to use for 144.0.7559.97. You may need to include a dependency on a specific version of the CDP using something similar to `org.seleniumhq.selenium:selenium-devtools-v86:4.15.0` where the version ("v86") matches the version of the chromium-based browser you're using and the version number of the artifact is the same as Selenium's.
]]></system-err>
  </testcase>
</testsuite>