<?xml version="1.0" encoding="UTF-8"?>
<testsuite xmlns:xsi="http://www.w3.org/2001/XMLSchema-instance" xsi:noNamespaceSchemaLocation="https://maven.apache.org/surefire/maven-surefire-plugin/xsd/surefire-test-report-3.0.xsd" version="3.0" name="com.cgm.frontend.runner.TestRunner" time="164.444" tests="17" errors="0" skipped="0" failures="3">
  <properties>
[...]
</properties>
  <testcase name="runScenario[&quot;REQ-UL-LIST-001 - Verify Users List page loads correctly&quot;, &quot;Users List Page&quot;](1)" classname="com.cgm.frontend.runner.TestRunner" time="8.899">
    <system-out><![CDATA[
@req-UL-LIST-001 @positive
Scenario Outline: REQ-UL-LIST-001 - Verify Users List page loads correctly # src/test/resources/features/user_lists.feature:14
Using environment: qa | URL: https://mock-user-management-42cc2.web.app/
Opening application for environment: qa | URL: https://mock-user-management-42cc2.web.app/
  ✔ Given user opens the application on "chrome"                           # com.cgm.frontend.stepDefinitions.CommonSteps.user_opens_the_application_on(java.lang.String)
  ✔ Then user should see the users list page                               # com.cgm.frontend.stepDefinitions.UsersListSteps.user_should_see_the_users_list_page()
]]></system-out>
    <system-err><![CDATA[SLF4J(W): No SLF4J providers were found.
SLF4J(W): Defaulting to no-operation (NOP) logger implementation
SLF4J(W): See https://www.slf4j.org/codes.html#noProviders for further details.
Feb 05, 2026 10:09:03 PM org.openqa.selenium.devtools.CdpVersionFinder findNearestMatch
WARNING: Unable to find CDP implementation matching 144
Feb 05, 2026 10:09:03 PM org.openqa.selenium.chromium.ChromiumDriver lambda$new$5
WARNING: Unable to find version of CDP to use for 144.0.7559.97. You may need to include a dependency on a specific version of the CDP using something similar to `org.seleniumhq.selenium:selenium-devtools-v86:4.15.0` where the version ("v86") matches the version of the chromium-based browser you're using and the version number of the artifact is the same as Selenium's.
]]></system-err>
  </testcase>
  <testcase name="runScenario[&quot;REQ-UL-LIST-001 - Verify Users List page loads correctly&quot;, &quot;Users List Page&quot;](2)" classname="com.cgm.frontend.runner.TestRunner" time="14.06">
    <system-out><![CDATA[
@req-UL-LIST-001 @positive
Scenario Outline: REQ-UL-LIST-001 - Verify Users List page loads correctly # src/test/resources/features/user_lists.feature:15
Using environment: qa | URL: https://mock-user-management-42cc2.web.app/
Opening application for environment: qa | URL: https://mock-user-management-42cc2.web.app/
  ✔ Given user opens the application on "firefox"                          # com.cgm.frontend.stepDefinitions.CommonSteps.user_opens_the_application_on(java.lang.String)
  ✔ Then user should see the users list page                               # com.cgm.frontend.stepDefinitions.UsersListSteps.user_should_see_the_users_list_page()
]]></system-out>
    <system-err><![CDATA[Feb 05, 2026 10:09:18 PM org.openqa.selenium.os.ExternalProcess$Builder lambda$start$0
WARNING: failed to copy the output of process 9147
java.io.IOException: Stream closed
	at java.base/java.io.BufferedInputStream.getBufIfOpen(BufferedInputStream.java:168)
	at java.base/java.io.BufferedInputStream.read(BufferedInputStream.java:334)
	at java.base/java.io.InputStream.transferTo(InputStream.java:782)
	at org.openqa.selenium.os.ExternalProcess$Builder.lambda$start$0(ExternalProcess.java:209)
	at java.base/java.lang.Thread.run(Thread.java:840)

]]></system-err>
  </testcase>
  <testcase name="runScenario[&quot;REQ-UL-ADD-001 - Add User form is shown&quot;, &quot;Add user to Users List&quot;](3)" classname="com.cgm.frontend.runner.TestRunner" time="4.228">
    <system-out><![CDATA[
@users @addUser @sanity @regression @req-UL-ADD-001
Scenario Outline: REQ-UL-ADD-001 - Add User form is shown # src/test/resources/features/users_add.feature:16
Using environment: qa | URL: https://mock-user-management-42cc2.web.app/
Opening application for environment: qa | URL: https://mock-user-management-42cc2.web.app/
  ✔ Given user opens the application on "chrome"          # com.cgm.frontend.stepDefinitions.CommonSteps.user_opens_the_application_on(java.lang.String)
  ✔ When user clicks the Add User action                  # com.cgm.frontend.stepDefinitions.UsersAddSteps.user_clicks_the_add_user_action()
  ✔ Then Add User form should be displayed                # com.cgm.frontend.stepDefinitions.UsersAddSteps.add_user_form_should_be_displayed()
]]></system-out>
    <system-err><![CDATA[Feb 05, 2026 10:09:21 PM org.openqa.selenium.devtools.CdpVersionFinder findNearestMatch
WARNING: Unable to find CDP implementation matching 144
Feb 05, 2026 10:09:21 PM org.openqa.selenium.chromium.ChromiumDriver lambda$new$5
WARNING: Unable to find version of CDP to use for 144.0.7559.97. You may need to include a dependency on a specific version of the CDP using something similar to `org.seleniumhq.selenium:selenium-devtools-v86:4.15.0` where the version ("v86") matches the version of the chromium-based browser you're using and the version number of the artifact is the same as Selenium's.
]]></system-err>
  </testcase>
  <testcase name="runScenario[&quot;REQ-UL-ADD-001 - Add User form is shown&quot;, &quot;Add user to Users List&quot;](4)" classname="com.cgm.frontend.runner.TestRunner" time="9.925">
    <system-out><![CDATA[
@users @addUser @sanity @regression @req-UL-ADD-001
Scenario Outline: REQ-UL-ADD-001 - Add User form is shown # src/test/resources/features/users_add.feature:17
Using environment: qa | URL: https://mock-user-management-42cc2.web.app/
Opening application for environment: qa | URL: https://mock-user-management-42cc2.web.app/
  ✔ Given user opens the application on "firefox"         # com.cgm.frontend.stepDefinitions.CommonSteps.user_opens_the_application_on(java.lang.String)
  ✔ When user clicks the Add User action                  # com.cgm.frontend.stepDefinitions.UsersAddSteps.user_clicks_the_add_user_action()
  ✔ Then Add User form should be displayed                # com.cgm.frontend.stepDefinitions.UsersAddSteps.add_user_form_should_be_displayed()
]]></system-out>
    <system-err><![CDATA[Feb 05, 2026 10:09:32 PM org.openqa.selenium.os.ExternalProcess$Builder lambda$start$0
WARNING: failed to copy the output of process 9598
java.io.IOException: Stream closed
	at java.base/java.io.BufferedInputStream.getBufIfOpen(BufferedInputStream.java:168)
	at java.base/java.io.BufferedInputStream.read(BufferedInputStream.java:334)
	at java.base/java.io.InputStream.transferTo(InputStream.java:782)
	at org.openqa.selenium.os.ExternalProcess$Builder.lambda$start$0(ExternalProcess.java:209)
	at java.base/java.lang.Thread.run(Thread.java:840)

]]></system-err>
  </testcase>
  <testcase name="runScenario[&quot;REQ-UL-ADD-002 - Add button enabled for valid data&quot;, &quot;Add user to Users List&quot;](5)" classname="com.cgm.frontend.runner.TestRunner" time="3.165">
    <system-out><![CDATA[
@users @addUser @regression @req-UL-ADD-002
Scenario Outline: REQ-UL-ADD-002 - Add button enabled for valid data # src/test/resources/features/users_add.feature:28
Using environment: qa | URL: https://mock-user-management-42cc2.web.app/
Opening application for environment: qa | URL: https://mock-user-management-42cc2.web.app/
  ✔ Given user opens the application on "chrome"                     # com.cgm.frontend.stepDefinitions.CommonSteps.user_opens_the_application_on(java.lang.String)
  ✔ When user clicks the Add User action                             # com.cgm.frontend.stepDefinitions.UsersAddSteps.user_clicks_the_add_user_action()
  ✔ And user enters valid user details                               # com.cgm.frontend.stepDefinitions.UsersAddSteps.user_enters_valid_user_details()
  ✔ Then Add button should be enabled                                # com.cgm.frontend.stepDefinitions.UsersAddSteps.add_button_should_be_enabled()
]]></system-out>
    <system-err><![CDATA[Feb 05, 2026 10:09:34 PM org.openqa.selenium.devtools.CdpVersionFinder findNearestMatch
WARNING: Unable to find CDP implementation matching 144
Feb 05, 2026 10:09:34 PM org.openqa.selenium.chromium.ChromiumDriver lambda$new$5
WARNING: Unable to find version of CDP to use for 144.0.7559.97. You may need to include a dependency on a specific version of the CDP using something similar to `org.seleniumhq.selenium:selenium-devtools-v86:4.15.0` where the version ("v86") matches the version of the chromium-based browser you're using and the version number of the artifact is the same as Selenium's.
]]></system-err>
  </testcase>
  <testcase name="runScenario[&quot;REQ-UL-ADD-002 - Add button enabled for valid data&quot;, &quot;Add user to Users List&quot;](6)" classname="com.cgm.frontend.runner.TestRunner" time="9.567">
    <system-out><![CDATA[
@users @addUser @regression @req-UL-ADD-002
Scenario Outline: REQ-UL-ADD-002 - Add button enabled for valid data # src/test/resources/features/users_add.feature:29
Using environment: qa | URL: https://mock-user-management-42cc2.web.app/
Opening application for environment: qa | URL: https://mock-user-management-42cc2.web.app/
  ✔ Given user opens the application on "firefox"                    # com.cgm.frontend.stepDefinitions.CommonSteps.user_opens_the_application_on(java.lang.String)
  ✔ When user clicks the Add User action                             # com.cgm.frontend.stepDefinitions.UsersAddSteps.user_clicks_the_add_user_action()
  ✔ And user enters valid user details                               # com.cgm.frontend.stepDefinitions.UsersAddSteps.user_enters_valid_user_details()
  ✔ Then Add button should be enabled                                # com.cgm.frontend.stepDefinitions.UsersAddSteps.add_button_should_be_enabled()
]]></system-out>
    <system-err><![CDATA[Feb 05, 2026 10:09:45 PM org.openqa.selenium.os.ExternalProcess$Builder lambda$start$0
WARNING: failed to copy the output of process 9899
java.io.IOException: Stream closed
	at java.base/java.io.BufferedInputStream.getBufIfOpen(BufferedInputStream.java:168)
	at java.base/java.io.BufferedInputStream.read(BufferedInputStream.java:334)
	at java.base/java.io.InputStream.transferTo(InputStream.java:782)
	at org.openqa.selenium.os.ExternalProcess$Builder.lambda$start$0(ExternalProcess.java:209)
	at java.base/java.lang.Thread.run(Thread.java:840)

]]></system-err>
  </testcase>
  <testcase name="runScenario[&quot;REQ-UL-ADD-003 - Invalid email validation&quot;, &quot;Add user to Users List&quot;](7)" classname="com.cgm.frontend.runner.TestRunner" time="2.678">
    <system-out><![CDATA[
@users @addUser @regression @negative @req-UL-ADD-003
Scenario Outline: REQ-UL-ADD-003 - Invalid email validation # src/test/resources/features/users_add.feature:41
Using environment: qa | URL: https://mock-user-management-42cc2.web.app/
Opening application for environment: qa | URL: https://mock-user-management-42cc2.web.app/
  ✔ Given user opens the application on "chrome"            # com.cgm.frontend.stepDefinitions.CommonSteps.user_opens_the_application_on(java.lang.String)
  ✔ When user clicks the Add User action                    # com.cgm.frontend.stepDefinitions.UsersAddSteps.user_clicks_the_add_user_action()
  ✔ And user enters invalid email                           # com.cgm.frontend.stepDefinitions.UsersAddSteps.user_enters_invalid_email()
  ✔ Then email validation error should be shown             # com.cgm.frontend.stepDefinitions.UsersAddSteps.email_validation_error_should_be_shown()
  ✔ And Add button should be disabled                       # com.cgm.frontend.stepDefinitions.UsersAddSteps.add_button_should_be_disabled()
]]></system-out>
    <system-err><![CDATA[Feb 05, 2026 10:09:46 PM org.openqa.selenium.devtools.CdpVersionFinder findNearestMatch
WARNING: Unable to find CDP implementation matching 144
Feb 05, 2026 10:09:46 PM org.openqa.selenium.chromium.ChromiumDriver lambda$new$5
WARNING: Unable to find version of CDP to use for 144.0.7559.97. You may need to include a dependency on a specific version of the CDP using something similar to `org.seleniumhq.selenium:selenium-devtools-v86:4.15.0` where the version ("v86") matches the version of the chromium-based browser you're using and the version number of the artifact is the same as Selenium's.
]]></system-err>
  </testcase>
  <testcase name="runScenario[&quot;REQ-UL-ADD-003 - Invalid email validation&quot;, &quot;Add user to Users List&quot;](8)" classname="com.cgm.frontend.runner.TestRunner" time="10.158">
    <system-out><![CDATA[
@users @addUser @regression @negative @req-UL-ADD-003
Scenario Outline: REQ-UL-ADD-003 - Invalid email validation # src/test/resources/features/users_add.feature:42
Using environment: qa | URL: https://mock-user-management-42cc2.web.app/
Opening application for environment: qa | URL: https://mock-user-management-42cc2.web.app/
  ✔ Given user opens the application on "firefox"           # com.cgm.frontend.stepDefinitions.CommonSteps.user_opens_the_application_on(java.lang.String)
  ✔ When user clicks the Add User action                    # com.cgm.frontend.stepDefinitions.UsersAddSteps.user_clicks_the_add_user_action()
  ✔ And user enters invalid email                           # com.cgm.frontend.stepDefinitions.UsersAddSteps.user_enters_invalid_email()
  ✔ Then email validation error should be shown             # com.cgm.frontend.stepDefinitions.UsersAddSteps.email_validation_error_should_be_shown()
  ✔ And Add button should be disabled                       # com.cgm.frontend.stepDefinitions.UsersAddSteps.add_button_should_be_disabled()
]]></system-out>
    <system-err><![CDATA[Feb 05, 2026 10:09:58 PM org.openqa.selenium.os.ExternalProcess$Builder lambda$start$0
WARNING: failed to copy the output of process 10386
java.io.IOException: Stream closed
	at java.base/java.io.BufferedInputStream.getBufIfOpen(BufferedInputStream.java:168)
	at java.base/java.io.BufferedInputStream.read(BufferedInputStream.java:334)
	at java.base/java.io.InputStream.transferTo(InputStream.java:782)
	at org.openqa.selenium.os.ExternalProcess$Builder.lambda$start$0(ExternalProcess.java:209)
	at java.base/java.lang.Thread.run(Thread.java:840)

]]></system-err>
  </testcase>
  <testcase name="runScenario[&quot;REQ-UL-ADD-004 - Intentional failure for debugging&quot;, &quot;Add user to Users List&quot;](9)" classname="com.cgm.frontend.runner.TestRunner" time="3.37">
    <failure message="INTENTIONAL FAILURE: Add button should NOT be enabled expected [true] but found [false]" type="java.lang.AssertionError"><![CDATA[java.lang.AssertionError: INTENTIONAL FAILURE: Add button should NOT be enabled expected [true] but found [false]
	at org.testng.Assert.fail(Assert.java:111)
	at org.testng.Assert.failNotEquals(Assert.java:1590)
	at org.testng.Assert.assertTrue(Assert.java:57)
	at com.cgm.frontend.stepDefinitions.UsersAddSteps.add_button_should_still_be_enabled(UsersAddSteps.java:108)
	at ✽.Add button should still be enabled(file:///Users/runner/work/frontendautomation/frontendautomation/src/test/resources/features/users_add.feature:49)
]]></failure>
    <system-out><![CDATA[
@users @addUser @debug @negative @req-UL-ADD-004
Scenario Outline: REQ-UL-ADD-004 - Intentional failure for debugging # src/test/resources/features/users_add.feature:53
Using environment: qa | URL: https://mock-user-management-42cc2.web.app/
Opening application for environment: qa | URL: https://mock-user-management-42cc2.web.app/
  ✔ Given user opens the application on "chrome"                     # com.cgm.frontend.stepDefinitions.CommonSteps.user_opens_the_application_on(java.lang.String)
  ✔ When user clicks the Add User action                             # com.cgm.frontend.stepDefinitions.UsersAddSteps.user_clicks_the_add_user_action()
  ✔ And user enters invalid phone number                             # com.cgm.frontend.stepDefinitions.UsersAddSteps.user_enters_invalid_phone_number()
  ✘ Then Add button should still be enabled                          # com.cgm.frontend.stepDefinitions.UsersAddSteps.add_button_should_still_be_enabled()
        java.lang.AssertionError: INTENTIONAL FAILURE: Add button should NOT be enabled expected [true] but found [false]
        	at org.testng.Assert.fail(Assert.java:111)
        	at org.testng.Assert.failNotEquals(Assert.java:1590)
        	at org.testng.Assert.assertTrue(Assert.java:57)
        	at com.cgm.frontend.stepDefinitions.UsersAddSteps.add_button_should_still_be_enabled(UsersAddSteps.java:108)
        	at ✽.Add button should still be enabled(file:///Users/runner/work/frontendautomation/frontendautomation/src/test/resources/features/users_add.feature:49)
]]></system-out>
    <system-err><![CDATA[Feb 05, 2026 10:10:00 PM org.openqa.selenium.devtools.CdpVersionFinder findNearestMatch
WARNING: Unable to find CDP implementation matching 144
Feb 05, 2026 10:10:00 PM org.openqa.selenium.chromium.ChromiumDriver lambda$new$5
WARNING: Unable to find version of CDP to use for 144.0.7559.97. You may need to include a dependency on a specific version of the CDP using something similar to `org.seleniumhq.selenium:selenium-devtools-v86:4.15.0` where the version ("v86") matches the version of the chromium-based browser you're using and the version number of the artifact is the same as Selenium's.
]]></system-err>
  </testcase>
  <testcase name="runScenario[&quot;REQ-UL-ADD-004 - Intentional failure for debugging&quot;, &quot;Add user to Users List&quot;](10)" classname="com.cgm.frontend.runner.TestRunner" time="9.382">
    <failure message="INTENTIONAL FAILURE: Add button should NOT be enabled expected [true] but found [false]" type="java.lang.AssertionError"><![CDATA[java.lang.AssertionError: INTENTIONAL FAILURE: Add button should NOT be enabled expected [true] but found [false]
	at org.testng.Assert.fail(Assert.java:111)
	at org.testng.Assert.failNotEquals(Assert.java:1590)
	at org.testng.Assert.assertTrue(Assert.java:57)
	at com.cgm.frontend.stepDefinitions.UsersAddSteps.add_button_should_still_be_enabled(UsersAddSteps.java:108)
	at ✽.Add button should still be enabled(file:///Users/runner/work/frontendautomation/frontendautomation/src/test/resources/features/users_add.feature:49)
]]></failure>
    <system-out><![CDATA[
@users @addUser @debug @negative @req-UL-ADD-004
Scenario Outline: REQ-UL-ADD-004 - Intentional failure for debugging # src/test/resources/features/users_add.feature:54
Using environment: qa | URL: https://mock-user-management-42cc2.web.app/
Opening application for environment: qa | URL: https://mock-user-management-42cc2.web.app/
  ✔ Given user opens the application on "firefox"                    # com.cgm.frontend.stepDefinitions.CommonSteps.user_opens_the_application_on(java.lang.String)
  ✔ When user clicks the Add User action                             # com.cgm.frontend.stepDefinitions.UsersAddSteps.user_clicks_the_add_user_action()
  ✔ And user enters invalid phone number                             # com.cgm.frontend.stepDefinitions.UsersAddSteps.user_enters_invalid_phone_number()
  ✘ Then Add button should still be enabled                          # com.cgm.frontend.stepDefinitions.UsersAddSteps.add_button_should_still_be_enabled()
        java.lang.AssertionError: INTENTIONAL FAILURE: Add button should NOT be enabled expected [true] but found [false]
        	at org.testng.Assert.fail(Assert.java:111)
        	at org.testng.Assert.failNotEquals(Assert.java:1590)
        	at org.testng.Assert.assertTrue(Assert.java:57)
        	at com.cgm.frontend.stepDefinitions.UsersAddSteps.add_button_should_still_be_enabled(UsersAddSteps.java:108)
        	at ✽.Add button should still be enabled(file:///Users/runner/work/frontendautomation/frontendautomation/src/test/resources/features/users_add.feature:49)
]]></system-out>
    <system-err><![CDATA[Feb 05, 2026 10:10:11 PM org.openqa.selenium.os.ExternalProcess$Builder lambda$start$0
WARNING: failed to copy the output of process 10742
java.io.IOException: Stream closed
	at java.base/java.io.BufferedInputStream.getBufIfOpen(BufferedInputStream.java:168)
	at java.base/java.io.BufferedInputStream.read(BufferedInputStream.java:334)
	at java.base/java.io.InputStream.transferTo(InputStream.java:782)
	at org.openqa.selenium.os.ExternalProcess$Builder.lambda$start$0(ExternalProcess.java:209)
	at java.base/java.lang.Thread.run(Thread.java:840)

]]></system-err>
  </testcase>
  <testcase name="runScenario[&quot;REQ-UL-ADD-005 - Newly added user is visible in users list&quot;, &quot;Add user to Users List&quot;](11)" classname="com.cgm.frontend.runner.TestRunner" time="2.994">
    <system-out><![CDATA[
@users @addUser @regression @req-UL-ADD-005
Scenario Outline: REQ-UL-ADD-005 - Newly added user is visible in users list # src/test/resources/features/users_add.feature:67
Using environment: qa | URL: https://mock-user-management-42cc2.web.app/
Opening application for environment: qa | URL: https://mock-user-management-42cc2.web.app/
  ✔ Given user opens the application on "chrome"                             # com.cgm.frontend.stepDefinitions.CommonSteps.user_opens_the_application_on(java.lang.String)
  ✔ When user clicks the Add User action                                     # com.cgm.frontend.stepDefinitions.UsersAddSteps.user_clicks_the_add_user_action()
  ✔ And user enters valid user details                                       # com.cgm.frontend.stepDefinitions.UsersAddSteps.user_enters_valid_user_details()
  ✔ And user submits the Add User form                                       # com.cgm.frontend.stepDefinitions.UsersAddSteps.user_submits_the_add_user_form()
  ✔ Then a success message should be shown to the user                       # com.cgm.frontend.stepDefinitions.UsersAddSteps.a_success_message_should_be_shown_to_the_user()
  ✔ And the newly added user should appear in the users list                 # com.cgm.frontend.stepDefinitions.UsersAddSteps.the_newly_added_user_should_appear_in_the_users_list()
]]></system-out>
    <system-err><![CDATA[Feb 05, 2026 10:10:12 PM org.openqa.selenium.devtools.CdpVersionFinder findNearestMatch
WARNING: Unable to find CDP implementation matching 144
Feb 05, 2026 10:10:12 PM org.openqa.selenium.chromium.ChromiumDriver lambda$new$5
WARNING: Unable to find version of CDP to use for 144.0.7559.97. You may need to include a dependency on a specific version of the CDP using something similar to `org.seleniumhq.selenium:selenium-devtools-v86:4.15.0` where the version ("v86") matches the version of the chromium-based browser you're using and the version number of the artifact is the same as Selenium's.
]]></system-err>
  </testcase>
  <testcase name="runScenario[&quot;REQ-UL-ADD-005 - Newly added user is visible in users list&quot;, &quot;Add user to Users List&quot;](12)" classname="com.cgm.frontend.runner.TestRunner" time="10.554">
    <system-out><![CDATA[
@users @addUser @regression @req-UL-ADD-005
Scenario Outline: REQ-UL-ADD-005 - Newly added user is visible in users list # src/test/resources/features/users_add.feature:68
Using environment: qa | URL: https://mock-user-management-42cc2.web.app/
Opening application for environment: qa | URL: https://mock-user-management-42cc2.web.app/
  ✔ Given user opens the application on "firefox"                            # com.cgm.frontend.stepDefinitions.CommonSteps.user_opens_the_application_on(java.lang.String)
  ✔ When user clicks the Add User action                                     # com.cgm.frontend.stepDefinitions.UsersAddSteps.user_clicks_the_add_user_action()
  ✔ And user enters valid user details                                       # com.cgm.frontend.stepDefinitions.UsersAddSteps.user_enters_valid_user_details()
  ✔ And user submits the Add User form                                       # com.cgm.frontend.stepDefinitions.UsersAddSteps.user_submits_the_add_user_form()
  ✔ Then a success message should be shown to the user                       # com.cgm.frontend.stepDefinitions.UsersAddSteps.a_success_message_should_be_shown_to_the_user()
  ✔ And the newly added user should appear in the users list                 # com.cgm.frontend.stepDefinitions.UsersAddSteps.the_newly_added_user_should_appear_in_the_users_list()
]]></system-out>
    <system-err><![CDATA[Feb 05, 2026 10:10:24 PM org.openqa.selenium.os.ExternalProcess$Builder lambda$start$0
WARNING: failed to copy the output of process 11060
java.io.IOException: Stream closed
	at java.base/java.io.BufferedInputStream.getBufIfOpen(BufferedInputStream.java:168)
	at java.base/java.io.BufferedInputStream.read(BufferedInputStream.java:334)
	at java.base/java.io.InputStream.transferTo(InputStream.java:782)
	at org.openqa.selenium.os.ExternalProcess$Builder.lambda$start$0(ExternalProcess.java:209)
	at java.base/java.lang.Thread.run(Thread.java:840)

Feb 05, 2026 10:10:24 PM org.openqa.selenium.os.ExternalProcess$Builder lambda$start$0
WARNING: failed to copy the output of process 11060
java.io.IOException: Stream closed
	at java.base/java.io.BufferedInputStream.getBufIfOpen(BufferedInputStream.java:168)
	at java.base/java.io.BufferedInputStream.read(BufferedInputStream.java:334)
	at java.base/java.io.InputStream.transferTo(InputStream.java:782)
	at org.openqa.selenium.os.ExternalProcess$Builder.lambda$start$0(ExternalProcess.java:209)
	at java.base/java.lang.Thread.run(Thread.java:840)

Feb 05, 2026 10:10:24 PM org.openqa.selenium.os.ExternalProcess$Builder lambda$start$0
WARNING: failed to copy the output of process 11060
java.io.IOException: Stream closed
	at java.base/java.io.BufferedInputStream.getBufIfOpen(BufferedInputStream.java:168)
	at java.base/java.io.BufferedInputStream.read(BufferedInputStream.java:334)
	at java.base/java.io.InputStream.transferTo(InputStream.java:782)
	at org.openqa.selenium.os.ExternalProcess$Builder.lambda$start$0(ExternalProcess.java:209)
	at java.base/java.lang.Thread.run(Thread.java:840)

Feb 05, 2026 10:10:24 PM org.openqa.selenium.os.ExternalProcess$Builder lambda$start$0
WARNING: failed to copy the output of process 11060
java.io.IOException: Stream closed
	at java.base/java.io.BufferedInputStream.getBufIfOpen(BufferedInputStream.java:168)
	at java.base/java.io.BufferedInputStream.read(BufferedInputStream.java:334)
	at java.base/java.io.InputStream.transferTo(InputStream.java:782)
	at org.openqa.selenium.os.ExternalProcess$Builder.lambda$start$0(ExternalProcess.java:209)
	at java.base/java.lang.Thread.run(Thread.java:840)

]]></system-err>
  </testcase>
  <testcase name="runScenario[&quot;REQ-UL-DEL-001 - Delete newly created user successfully&quot;, &quot;Delete user from Users List&quot;](13)" classname="com.cgm.frontend.runner.TestRunner" time="15.575">
    <system-out><![CDATA[
@req-UL-DEL-001 @usersList @positive
Scenario Outline: REQ-UL-DEL-001 - Delete newly created user successfully # src/test/resources/features/users_delete.feature:20
Using environment: qa | URL: https://mock-user-management-42cc2.web.app/
Opening application for environment: qa | URL: https://mock-user-management-42cc2.web.app/
  ✔ Given user opens the application on "chrome"                          # com.cgm.frontend.stepDefinitions.CommonSteps.user_opens_the_application_on(java.lang.String)
  ✔ When user creates a new user                                          # com.cgm.frontend.stepDefinitions.UsersDeleteSteps.user_creates_a_new_user()
  ✔ And user clicks the delete action for the newly created user          # com.cgm.frontend.stepDefinitions.UsersDeleteSteps.user_clicks_the_delete_action_for_the_newly_created_user()
  ✔ Then a delete confirmation dialog should be displayed                 # com.cgm.frontend.stepDefinitions.UsersDeleteSteps.a_delete_confirmation_dialog_should_be_displayed()
  ✔ When user confirms deletion                                           # com.cgm.frontend.stepDefinitions.UsersDeleteSteps.user_confirms_deletion()
Element not found: By.xpath: //tr[td[3]//a[text()='john@doe.com']]/td[3]/a
  ✔ Then the deleted user should no longer appear in the users list       # com.cgm.frontend.stepDefinitions.UsersDeleteSteps.the_deleted_user_should_no_longer_appear_in_the_users_list()
]]></system-out>
    <system-err><![CDATA[Feb 05, 2026 10:10:26 PM org.openqa.selenium.devtools.CdpVersionFinder findNearestMatch
WARNING: Unable to find CDP implementation matching 144
Feb 05, 2026 10:10:26 PM org.openqa.selenium.chromium.ChromiumDriver lambda$new$5
WARNING: Unable to find version of CDP to use for 144.0.7559.97. You may need to include a dependency on a specific version of the CDP using something similar to `org.seleniumhq.selenium:selenium-devtools-v86:4.15.0` where the version ("v86") matches the version of the chromium-based browser you're using and the version number of the artifact is the same as Selenium's.
]]></system-err>
  </testcase>
  <testcase name="runScenario[&quot;REQ-UL-DEL-001 - Delete newly created user successfully&quot;, &quot;Delete user from Users List&quot;](14)" classname="com.cgm.frontend.runner.TestRunner" time="21.363">
    <system-out><![CDATA[
@req-UL-DEL-001 @usersList @positive
Scenario Outline: REQ-UL-DEL-001 - Delete newly created user successfully # src/test/resources/features/users_delete.feature:21
Using environment: qa | URL: https://mock-user-management-42cc2.web.app/
Opening application for environment: qa | URL: https://mock-user-management-42cc2.web.app/
  ✔ Given user opens the application on "firefox"                         # com.cgm.frontend.stepDefinitions.CommonSteps.user_opens_the_application_on(java.lang.String)
  ✔ When user creates a new user                                          # com.cgm.frontend.stepDefinitions.UsersDeleteSteps.user_creates_a_new_user()
  ✔ And user clicks the delete action for the newly created user          # com.cgm.frontend.stepDefinitions.UsersDeleteSteps.user_clicks_the_delete_action_for_the_newly_created_user()
  ✔ Then a delete confirmation dialog should be displayed                 # com.cgm.frontend.stepDefinitions.UsersDeleteSteps.a_delete_confirmation_dialog_should_be_displayed()
  ✔ When user confirms deletion                                           # com.cgm.frontend.stepDefinitions.UsersDeleteSteps.user_confirms_deletion()
Element not found: By.xpath: //tr[td[3]//a[text()='john@doe.com']]/td[3]/a
  ✔ Then the deleted user should no longer appear in the users list       # com.cgm.frontend.stepDefinitions.UsersDeleteSteps.the_deleted_user_should_no_longer_appear_in_the_users_list()
]]></system-out>
    <system-err><![CDATA[Feb 05, 2026 10:11:01 PM org.openqa.selenium.os.ExternalProcess$Builder lambda$start$0
WARNING: failed to copy the output of process 11630
java.io.IOException: Stream closed
	at java.base/java.io.BufferedInputStream.getBufIfOpen(BufferedInputStream.java:168)
	at java.base/java.io.BufferedInputStream.read(BufferedInputStream.java:334)
	at java.base/java.io.InputStream.transferTo(InputStream.java:782)
	at org.openqa.selenium.os.ExternalProcess$Builder.lambda$start$0(ExternalProcess.java:209)
	at java.base/java.lang.Thread.run(Thread.java:840)

]]></system-err>
  </testcase>
  <testcase name="runScenario[&quot;REQ-UL-DEL-002 - Cancel deletion and verify user still exists&quot;, &quot;Delete user from Users List&quot;](15)" classname="com.cgm.frontend.runner.TestRunner" time="5.148">
    <system-out><![CDATA[
@req-UL-DEL-002 @usersList @negative
Scenario Outline: REQ-UL-DEL-002 - Cancel deletion and verify user still exists # src/test/resources/features/users_delete.feature:35
Using environment: qa | URL: https://mock-user-management-42cc2.web.app/
Opening application for environment: qa | URL: https://mock-user-management-42cc2.web.app/
  ✔ Given user opens the application on "chrome"                                # com.cgm.frontend.stepDefinitions.CommonSteps.user_opens_the_application_on(java.lang.String)
  ✔ When user creates a new user                                                # com.cgm.frontend.stepDefinitions.UsersDeleteSteps.user_creates_a_new_user()
  ✔ And user clicks the delete action for the newly created user                # com.cgm.frontend.stepDefinitions.UsersDeleteSteps.user_clicks_the_delete_action_for_the_newly_created_user()
  ✔ Then a delete confirmation dialog should be displayed                       # com.cgm.frontend.stepDefinitions.UsersDeleteSteps.a_delete_confirmation_dialog_should_be_displayed()
  ✔ When user cancels deletion                                                  # com.cgm.frontend.stepDefinitions.UsersDeleteSteps.user_cancels_deletion()
  ✔ Then the user should still appear in the users list                         # com.cgm.frontend.stepDefinitions.UsersDeleteSteps.the_user_should_still_appear_in_the_users_list()
]]></system-out>
    <system-err><![CDATA[Feb 05, 2026 10:11:04 PM org.openqa.selenium.devtools.CdpVersionFinder findNearestMatch
WARNING: Unable to find CDP implementation matching 144
Feb 05, 2026 10:11:04 PM org.openqa.selenium.chromium.ChromiumDriver lambda$new$5
WARNING: Unable to find version of CDP to use for 144.0.7559.97. You may need to include a dependency on a specific version of the CDP using something similar to `org.seleniumhq.selenium:selenium-devtools-v86:4.15.0` where the version ("v86") matches the version of the chromium-based browser you're using and the version number of the artifact is the same as Selenium's.
]]></system-err>
  </testcase>
  <testcase name="runScenario[&quot;REQ-UL-DEL-002 - Cancel deletion and verify user still exists&quot;, &quot;Delete user from Users List&quot;](16)" classname="com.cgm.frontend.runner.TestRunner" time="11.969">
    <system-out><![CDATA[
@req-UL-DEL-002 @usersList @negative
Scenario Outline: REQ-UL-DEL-002 - Cancel deletion and verify user still exists # src/test/resources/features/users_delete.feature:36
Using environment: qa | URL: https://mock-user-management-42cc2.web.app/
Opening application for environment: qa | URL: https://mock-user-management-42cc2.web.app/
  ✔ Given user opens the application on "firefox"                               # com.cgm.frontend.stepDefinitions.CommonSteps.user_opens_the_application_on(java.lang.String)
  ✔ When user creates a new user                                                # com.cgm.frontend.stepDefinitions.UsersDeleteSteps.user_creates_a_new_user()
  ✔ And user clicks the delete action for the newly created user                # com.cgm.frontend.stepDefinitions.UsersDeleteSteps.user_clicks_the_delete_action_for_the_newly_created_user()
  ✔ Then a delete confirmation dialog should be displayed                       # com.cgm.frontend.stepDefinitions.UsersDeleteSteps.a_delete_confirmation_dialog_should_be_displayed()
  ✔ When user cancels deletion                                                  # com.cgm.frontend.stepDefinitions.UsersDeleteSteps.user_cancels_deletion()
  ✔ Then the user should still appear in the users list                         # com.cgm.frontend.stepDefinitions.UsersDeleteSteps.the_user_should_still_appear_in_the_users_list()
]]></system-out>
    <system-err><![CDATA[Feb 05, 2026 10:11:18 PM org.openqa.selenium.os.ExternalProcess$Builder lambda$start$0
WARNING: failed to copy the output of process 12267
java.io.IOException: Stream closed
	at java.base/java.io.BufferedInputStream.getBufIfOpen(BufferedInputStream.java:168)
	at java.base/java.io.BufferedInputStream.read(BufferedInputStream.java:334)
	at java.base/java.io.InputStream.transferTo(InputStream.java:782)
	at org.openqa.selenium.os.ExternalProcess$Builder.lambda$start$0(ExternalProcess.java:209)
	at java.base/java.lang.Thread.run(Thread.java:840)

]]></system-err>
  </testcase>
  <testcase name="runScenario[&quot;REQ-UL-DEL-003 - Intentional failure to test debug methods&quot;, &quot;Delete user from Users List&quot;](17)" classname="com.cgm.frontend.runner.TestRunner" time="15.064">
    <failure message="INTENTIONAL FAILURE: This assertion is expected to fail expected [true] but found [false]" type="java.lang.AssertionError"><![CDATA[java.lang.AssertionError: INTENTIONAL FAILURE: This assertion is expected to fail expected [true] but found [false]
	at org.testng.Assert.fail(Assert.java:111)
	at org.testng.Assert.failNotEquals(Assert.java:1590)
	at org.testng.Assert.assertTrue(Assert.java:57)
	at com.cgm.frontend.stepDefinitions.UsersDeleteSteps.assert_incorrectly_user_still_appears_in_users_list(UsersDeleteSteps.java:100)
	at ✽.assert incorrectly that the user still appears in the users list(file:///Users/runner/work/frontendautomation/frontendautomation/src/test/resources/features/users_delete.feature:46)
]]></failure>
    <system-out><![CDATA[
@req-UL-DEL-003 @usersList @debug
Scenario Outline: REQ-UL-DEL-003 - Intentional failure to test debug methods # src/test/resources/features/users_delete.feature:50
Using environment: qa | URL: https://mock-user-management-42cc2.web.app/
Opening application for environment: qa | URL: https://mock-user-management-42cc2.web.app/
  ✔ Given user opens the application on "chrome"                             # com.cgm.frontend.stepDefinitions.CommonSteps.user_opens_the_application_on(java.lang.String)
  ✔ When user creates a new user                                             # com.cgm.frontend.stepDefinitions.UsersDeleteSteps.user_creates_a_new_user()
  ✔ And user clicks the delete action for the newly created user             # com.cgm.frontend.stepDefinitions.UsersDeleteSteps.user_clicks_the_delete_action_for_the_newly_created_user()
  ✔ Then a delete confirmation dialog should be displayed                    # com.cgm.frontend.stepDefinitions.UsersDeleteSteps.a_delete_confirmation_dialog_should_be_displayed()
  ✔ When user confirms deletion                                              # com.cgm.frontend.stepDefinitions.UsersDeleteSteps.user_confirms_deletion()
Element not found: By.xpath: //tr[td[3]//a[text()='john@doe.com']]/td[3]/a
  ✘ Then assert incorrectly that the user still appears in the users list    # com.cgm.frontend.stepDefinitions.UsersDeleteSteps.assert_incorrectly_user_still_appears_in_users_list()
        java.lang.AssertionError: INTENTIONAL FAILURE: This assertion is expected to fail expected [true] but found [false]
        	at org.testng.Assert.fail(Assert.java:111)
        	at org.testng.Assert.failNotEquals(Assert.java:1590)
        	at org.testng.Assert.assertTrue(Assert.java:57)
        	at com.cgm.frontend.stepDefinitions.UsersDeleteSteps.assert_incorrectly_user_still_appears_in_users_list(UsersDeleteSteps.java:100)
        	at ✽.assert incorrectly that the user still appears in the users list(file:///Users/runner/work/frontendautomation/frontendautomation/src/test/resources/features/users_delete.feature:46)
]]></system-out>
    <system-err><![CDATA[Feb 05, 2026 10:11:21 PM org.openqa.selenium.devtools.CdpVersionFinder findNearestMatch
WARNING: Unable to find CDP implementation matching 144
Feb 05, 2026 10:11:21 PM org.openqa.selenium.chromium.ChromiumDriver lambda$new$5
WARNING: Unable to find version of CDP to use for 144.0.7559.97. You may need to include a dependency on a specific version of the CDP using something similar to `org.seleniumhq.selenium:selenium-devtools-v86:4.15.0` where the version ("v86") matches the version of the chromium-based browser you're using and the version number of the artifact is the same as Selenium's.
]]></system-err>
  </testcase>
</testsuite>