<?xml version="1.0" encoding="UTF-8"?>
<!-- Generated by org.testng.reporters.JUnitXMLReporter -->
<testsuite ignored="0" hostname="iad20-eo1207-2ac27f8e-4d42-4268-b0fd-6df49f424b08-926E9A49605F.local" failures="3" tests="17" name="Surefire test" time="155.037" errors="0" timestamp="2026-02-05T22:11:31 UTC">
  <testcase classname="io.cucumber.testng.AbstractTestNGCucumberTests" name="runScenario" time="6.554"/>
  <testcase classname="io.cucumber.testng.AbstractTestNGCucumberTests" name="runScenario" time="11.613"/>
  <testcase classname="io.cucumber.testng.AbstractTestNGCucumberTests" name="runScenario" time="4.08"/>
  <testcase classname="io.cucumber.testng.AbstractTestNGCucumberTests" name="runScenario" time="11.868"/>
  <testcase classname="io.cucumber.testng.AbstractTestNGCucumberTests" name="runScenario" time="3.086"/>
  <testcase classname="io.cucumber.testng.AbstractTestNGCucumberTests" name="runScenario" time="10.913"/>
  <testcase classname="io.cucumber.testng.AbstractTestNGCucumberTests" name="runScenario" time="2.947"/>
  <testcase classname="io.cucumber.testng.AbstractTestNGCucumberTests" name="runScenario" time="10.11"/>
  <testcase classname="io.cucumber.testng.AbstractTestNGCucumberTests" name="runScenario" time="3.705">
    <failure type="java.lang.AssertionError" message="INTENTIONAL FAILURE: Add button should NOT be enabled expected [true] but found [false]">
      <![CDATA[java.lang.AssertionError: INTENTIONAL FAILURE: Add button should NOT be enabled expected [true] but found [false]
at com.cgm.frontend.stepDefinitions.UsersAddSteps.add_button_should_still_be_enabled(UsersAddSteps.java:108)
at ✽.Add button should still be enabled(file:///Users/runner/work/frontendautomation/frontendautomation/src/test/resources/features/users_add.feature:49)
... Removed 3 stack frames]]>
    </failure>
  </testcase> <!-- runScenario -->
  <testcase classname="io.cucumber.testng.AbstractTestNGCucumberTests" name="runScenario" time="9.753">
    <failure type="java.lang.AssertionError" message="INTENTIONAL FAILURE: Add button should NOT be enabled expected [true] but found [false]">
      <![CDATA[java.lang.AssertionError: INTENTIONAL FAILURE: Add button should NOT be enabled expected [true] but found [false]
at com.cgm.frontend.stepDefinitions.UsersAddSteps.add_button_should_still_be_enabled(UsersAddSteps.java:108)
at ✽.Add button should still be enabled(file:///Users/runner/work/frontendautomation/frontendautomation/src/test/resources/features/users_add.feature:49)
... Removed 3 stack frames]]>
    </failure>
  </testcase> <!-- runScenario -->
  <testcase classname="io.cucumber.testng.AbstractTestNGCucumberTests" name="runScenario" time="2.791"/>
  <testcase classname="io.cucumber.testng.AbstractTestNGCucumberTests" name="runScenario" time="12.537"/>
  <testcase classname="io.cucumber.testng.AbstractTestNGCucumberTests" name="runScenario" time="15.846"/>
  <testcase classname="io.cucumber.testng.AbstractTestNGCucumberTests" name="runScenario" time="20.606"/>
  <testcase classname="io.cucumber.testng.AbstractTestNGCucumberTests" name="runScenario" time="4.38"/>
  <testcase classname="io.cucumber.testng.AbstractTestNGCucumberTests" name="runScenario" time="8.836"/>
  <testcase classname="io.cucumber.testng.AbstractTestNGCucumberTests" name="runScenario" time="14.901">
    <failure type="java.lang.AssertionError" message="INTENTIONAL FAILURE: This assertion is expected to fail expected [true] but found [false]">
      <![CDATA[java.lang.AssertionError: INTENTIONAL FAILURE: This assertion is expected to fail expected [true] but found [false]
at com.cgm.frontend.stepDefinitions.UsersDeleteSteps.assert_incorrectly_user_still_appears_in_users_list(UsersDeleteSteps.java:100)
at ✽.assert incorrectly that the user still appears in the users list(file:///Users/runner/work/frontendautomation/frontendautomation/src/test/resources/features/users_delete.feature:46)
... Removed 3 stack frames]]>
    </failure>
  </testcase> <!-- runScenario -->
</testsuite> <!-- Surefire test -->
