<?xml version="1.0" encoding="UTF-8"?>
<!-- Generated by org.testng.reporters.JUnitReportReporter -->
<testsuite hostname="iad20-fj923-d0329629-7c5e-41e9-8809-10eb9c83a10c-CA9A37BCF694.local" failures="3" tests="17" name="com.cgm.frontend.runner.TestRunner" time="158.084" errors="0" timestamp="2026-02-05T22:11:39 UTC" skipped="0">
  <testcase classname="com.cgm.frontend.runner.TestRunner" name="runScenario" time="10.552"/>
  <testcase classname="com.cgm.frontend.runner.TestRunner" name="runScenario" time="9.927"/>
  <testcase classname="com.cgm.frontend.runner.TestRunner" name="runScenario" time="21.363"/>
  <testcase classname="com.cgm.frontend.runner.TestRunner" name="runScenario" time="2.679"/>
  <testcase classname="com.cgm.frontend.runner.TestRunner" name="runScenario" time="8.885"/>
  <testcase classname="com.cgm.frontend.runner.TestRunner" name="runScenario" time="14.071"/>
  <testcase classname="com.cgm.frontend.runner.TestRunner" name="runScenario" time="3.365">
    <failure message="INTENTIONAL FAILURE: Add button should NOT be enabled expected [true] but found [false]" type="java.lang.AssertionError">
      <![CDATA[java.lang.AssertionError: INTENTIONAL FAILURE: Add button should NOT be enabled expected [true] but found [false]
at org.testng.Assert.fail(Assert.java:111)
at org.testng.Assert.failNotEquals(Assert.java:1590)
at org.testng.Assert.assertTrue(Assert.java:57)
at com.cgm.frontend.stepDefinitions.UsersAddSteps.add_button_should_still_be_enabled(UsersAddSteps.java:108)
at ✽.Add button should still be enabled(file:///Users/runner/work/frontendautomation/frontendautomation/src/test/resources/features/users_add.feature:49)
]]>
    </failure>
  </testcase> <!-- runScenario -->
  <testcase classname="com.cgm.frontend.runner.TestRunner" name="runScenario" time="9.383">
    <failure message="INTENTIONAL FAILURE: Add button should NOT be enabled expected [true] but found [false]" type="java.lang.AssertionError">
      <![CDATA[java.lang.AssertionError: INTENTIONAL FAILURE: Add button should NOT be enabled expected [true] but found [false]
at org.testng.Assert.fail(Assert.java:111)
at org.testng.Assert.failNotEquals(Assert.java:1590)
at org.testng.Assert.assertTrue(Assert.java:57)
at com.cgm.frontend.stepDefinitions.UsersAddSteps.add_button_should_still_be_enabled(UsersAddSteps.java:108)
at ✽.Add button should still be enabled(file:///Users/runner/work/frontendautomation/frontendautomation/src/test/resources/features/users_add.feature:49)
]]>
    </failure>
  </testcase> <!-- runScenario -->
  <testcase classname="com.cgm.frontend.runner.TestRunner" name="runScenario" time="15.064">
    <failure message="INTENTIONAL FAILURE: This assertion is expected to fail expected [true] but found [false]" type="java.lang.AssertionError">
      <![CDATA[java.lang.AssertionError: INTENTIONAL FAILURE: This assertion is expected to fail expected [true] but found [false]
at org.testng.Assert.fail(Assert.java:111)
at org.testng.Assert.failNotEquals(Assert.java:1590)
at org.testng.Assert.assertTrue(Assert.java:57)
at com.cgm.frontend.stepDefinitions.UsersDeleteSteps.assert_incorrectly_user_still_appears_in_users_list(UsersDeleteSteps.java:100)
at ✽.assert incorrectly that the user still appears in the users list(file:///Users/runner/work/frontendautomation/frontendautomation/src/test/resources/features/users_delete.feature:46)
]]>
    </failure>
  </testcase> <!-- runScenario -->
  <testcase classname="com.cgm.frontend.runner.TestRunner" name="runScenario" time="11.967"/>
  <testcase classname="com.cgm.frontend.runner.TestRunner" name="runScenario" time="2.994"/>
  <testcase classname="com.cgm.frontend.runner.TestRunner" name="runScenario" time="5.150"/>
  <testcase classname="com.cgm.frontend.runner.TestRunner" name="runScenario" time="15.567"/>
  <testcase classname="com.cgm.frontend.runner.TestRunner" name="runScenario" time="3.168"/>
  <testcase classname="com.cgm.frontend.runner.TestRunner" name="runScenario" time="4.231"/>
  <testcase classname="com.cgm.frontend.runner.TestRunner" name="runScenario" time="9.564"/>
  <testcase classname="com.cgm.frontend.runner.TestRunner" name="runScenario" time="10.154"/>
</testsuite> <!-- com.cgm.frontend.runner.TestRunner -->
